#Software: Microsoft Internet Information Services 10.0
#Version: 1.0
#Date: 2019-05-13 06:40:39
#Fields: date time s-ip cs-method cs-uri-stem cs-uri-query s-port cs-username c-ip cs(User-Agent) cs(Referer) sc-status sc-substatus sc-win32-status time-taken
2019-05-13 06:40:39 ::1 GET /brokers/Index - 63686 - ::1 Mozilla/5.0+(Windows+NT+6.1;+Win64;+x64;+rv:66.0)+Gecko/20100101+Firefox/66.0 - 200 0 0 11577
2019-05-13 06:40:39 ::1 GET /Content/Site.css - 63686 - ::1 Mozilla/5.0+(Windows+NT+6.1;+Win64;+x64;+rv:66.0)+Gecko/20100101+Firefox/66.0 http://localhost:63686/brokers/Index 200 0 0 93
2019-05-13 06:40:39 ::1 GET /Scripts/modernizr-2.6.2.js - 63686 - ::1 Mozilla/5.0+(Windows+NT+6.1;+Win64;+x64;+rv:66.0)+Gecko/20100101+Firefox/66.0 http://localhost:63686/brokers/Index 404 0 2 171
2019-05-13 06:40:39 ::1 GET /Content/bootstrap.min.css - 63686 - ::1 Mozilla/5.0+(Windows+NT+6.1;+Win64;+x64;+rv:66.0)+Gecko/20100101+Firefox/66.0 http://localhost:63686/brokers/Index 200 0 0 296
2019-05-13 06:40:40 ::1 GET /Scripts/bootstrap.min.js - 63686 - ::1 Mozilla/5.0+(Windows+NT+6.1;+Win64;+x64;+rv:66.0)+Gecko/20100101+Firefox/66.0 http://localhost:63686/brokers/Index 304 0 0 327
2019-05-13 06:40:40 ::1 GET /favicon.ico - 63686 - ::1 Mozilla/5.0+(Windows+NT+6.1;+Win64;+x64;+rv:66.0)+Gecko/20100101+Firefox/66.0 - 404 0 64 46
2019-05-13 06:44:03 ::1 GET / - 63686 - ::1 Mozilla/5.0+(Windows+NT+6.1;+Win64;+x64;+rv:66.0)+Gecko/20100101+Firefox/66.0 http://localhost:63686/brokers/Index 200 0 0 374
2019-05-13 06:44:03 ::1 GET /Scripts/modernizr-2.6.2.js - 63686 - ::1 Mozilla/5.0+(Windows+NT+6.1;+Win64;+x64;+rv:66.0)+Gecko/20100101+Firefox/66.0 http://localhost:63686/ 404 0 2 0
2019-05-13 06:44:03 ::1 GET /Content/Site.css - 63686 - ::1 Mozilla/5.0+(Windows+NT+6.1;+Win64;+x64;+rv:66.0)+Gecko/20100101+Firefox/66.0 http://localhost:63686/ 200 0 0 124
2019-05-13 06:44:03 ::1 GET /Content/bootstrap.min.css - 63686 - ::1 Mozilla/5.0+(Windows+NT+6.1;+Win64;+x64;+rv:66.0)+Gecko/20100101+Firefox/66.0 http://localhost:63686/ 200 0 0 265
2019-05-13 06:44:06 ::1 GET /brokers - 63686 - ::1 Mozilla/5.0+(Windows+NT+6.1;+Win64;+x64;+rv:66.0)+Gecko/20100101+Firefox/66.0 http://localhost:63686/ 200 0 0 0
2019-05-13 06:44:06 ::1 GET /Scripts/modernizr-2.6.2.js - 63686 - ::1 Mozilla/5.0+(Windows+NT+6.1;+Win64;+x64;+rv:66.0)+Gecko/20100101+Firefox/66.0 http://localhost:63686/brokers 404 0 2 31
2019-05-13 06:44:06 ::1 GET /Content/bootstrap.min.css - 63686 - ::1 Mozilla/5.0+(Windows+NT+6.1;+Win64;+x64;+rv:66.0)+Gecko/20100101+Firefox/66.0 http://localhost:63686/brokers 200 0 64 78
2019-05-13 06:44:06 ::1 GET /Content/Site.css - 63686 - ::1 Mozilla/5.0+(Windows+NT+6.1;+Win64;+x64;+rv:66.0)+Gecko/20100101+Firefox/66.0 http://localhost:63686/brokers 200 0 0 78
#Software: Microsoft Internet Information Services 10.0
#Version: 1.0
#Date: 2019-05-13 07:29:11
#Fields: date time s-ip cs-method cs-uri-stem cs-uri-query s-port cs-username c-ip cs(User-Agent) cs(Referer) sc-status sc-substatus sc-win32-status time-taken
2019-05-13 07:29:11 ::1 GET /brokers/Index - 63686 - ::1 Mozilla/5.0+(Windows+NT+6.1;+Win64;+x64;+rv:66.0)+Gecko/20100101+Firefox/66.0 - 200 0 0 28628
2019-05-13 07:29:11 ::1 GET /Content/Site.css - 63686 - ::1 Mozilla/5.0+(Windows+NT+6.1;+Win64;+x64;+rv:66.0)+Gecko/20100101+Firefox/66.0 http://localhost:63686/brokers/Index 200 0 0 78
2019-05-13 07:29:11 ::1 GET /Content/bootstrap.min.css - 63686 - ::1 Mozilla/5.0+(Windows+NT+6.1;+Win64;+x64;+rv:66.0)+Gecko/20100101+Firefox/66.0 http://localhost:63686/brokers/Index 200 0 0 156
2019-05-13 07:29:11 ::1 GET /Scripts/modernizr-2.6.2.js - 63686 - ::1 Mozilla/5.0+(Windows+NT+6.1;+Win64;+x64;+rv:66.0)+Gecko/20100101+Firefox/66.0 http://localhost:63686/brokers/Index 404 0 2 187
2019-05-13 07:29:13 ::1 GET /favicon.ico - 63686 - ::1 Mozilla/5.0+(Windows+NT+6.1;+Win64;+x64;+rv:66.0)+Gecko/20100101+Firefox/66.0 - 404 0 2 0
2019-05-13 07:29:44 ::1 POST /brokers/brokersController.cs - 63686 - ::1 Mozilla/5.0+(Windows+NT+6.1;+Win64;+x64;+rv:66.0)+Gecko/20100101+Firefox/66.0 http://localhost:63686/brokers/Index 404 7 0 0
#Software: Microsoft Internet Information Services 10.0
#Version: 1.0
#Date: 2019-05-13 07:32:05
#Fields: date time s-ip cs-method cs-uri-stem cs-uri-query s-port cs-username c-ip cs(User-Agent) cs(Referer) sc-status sc-substatus sc-win32-status time-taken
2019-05-13 07:32:05 ::1 GET /brokers/Index - 63686 - ::1 Mozilla/5.0+(Windows+NT+6.1;+Win64;+x64;+rv:66.0)+Gecko/20100101+Firefox/66.0 - 200 0 0 4089
2019-05-13 07:32:05 ::1 GET /Scripts/modernizr-2.6.2.js - 63686 - ::1 Mozilla/5.0+(Windows+NT+6.1;+Win64;+x64;+rv:66.0)+Gecko/20100101+Firefox/66.0 http://localhost:63686/brokers/Index 404 0 2 15
2019-05-13 07:32:05 ::1 GET /Content/Site.css - 63686 - ::1 Mozilla/5.0+(Windows+NT+6.1;+Win64;+x64;+rv:66.0)+Gecko/20100101+Firefox/66.0 http://localhost:63686/brokers/Index 200 0 64 46
2019-05-13 07:32:05 ::1 GET /Content/bootstrap.min.css - 63686 - ::1 Mozilla/5.0+(Windows+NT+6.1;+Win64;+x64;+rv:66.0)+Gecko/20100101+Firefox/66.0 http://localhost:63686/brokers/Index 200 0 64 280
2019-05-13 07:32:20 ::1 POST /Models/brokers.cs - 63686 - ::1 Mozilla/5.0+(Windows+NT+6.1;+Win64;+x64;+rv:66.0)+Gecko/20100101+Firefox/66.0 http://localhost:63686/brokers/Index 404 7 0 0
#Software: Microsoft Internet Information Services 10.0
#Version: 1.0
#Date: 2019-05-13 08:17:47
#Fields: date time s-ip cs-method cs-uri-stem cs-uri-query s-port cs-username c-ip cs(User-Agent) cs(Referer) sc-status sc-substatus sc-win32-status time-taken
2019-05-13 08:17:47 ::1 GET /brokers/addBrokers - 63686 - ::1 Mozilla/5.0+(Windows+NT+6.1;+Win64;+x64;+rv:66.0)+Gecko/20100101+Firefox/66.0 - 404 0 0 37538
2019-05-13 08:17:57 ::1 GET /brokers/addBrokers - 63686 - ::1 Mozilla/5.0+(Windows+NT+6.1;+Win64;+x64;+rv:66.0)+Gecko/20100101+Firefox/66.0 - 404 0 0 15
2019-05-13 08:18:49 ::1 GET /brokers/addBrokers - 63686 - ::1 Mozilla/5.0+(Windows+NT+6.1;+Win64;+x64;+rv:66.0)+Gecko/20100101+Firefox/66.0 - 404 0 0 15
2019-05-13 08:18:49 ::1 GET /favicon.ico - 63686 - ::1 Mozilla/5.0+(Windows+NT+6.1;+Win64;+x64;+rv:66.0)+Gecko/20100101+Firefox/66.0 - 404 0 64 46
2019-05-13 08:18:49 ::1 GET /brokers/addBrokers - 63686 - ::1 Mozilla/5.0+(Windows+NT+6.1;+Win64;+x64;+rv:66.0)+Gecko/20100101+Firefox/66.0 - 404 0 0 0
#Software: Microsoft Internet Information Services 10.0
#Version: 1.0
#Date: 2019-05-13 08:19:11
#Fields: date time s-ip cs-method cs-uri-stem cs-uri-query s-port cs-username c-ip cs(User-Agent) cs(Referer) sc-status sc-substatus sc-win32-status time-taken
2019-05-13 08:19:11 ::1 GET /brokers/addBrokers - 63686 - ::1 Mozilla/5.0+(Windows+NT+6.1;+Win64;+x64;+rv:66.0)+Gecko/20100101+Firefox/66.0 - 404 0 0 1824
#Software: Microsoft Internet Information Services 10.0
#Version: 1.0
#Date: 2019-05-13 08:19:49
#Fields: date time s-ip cs-method cs-uri-stem cs-uri-query s-port cs-username c-ip cs(User-Agent) cs(Referer) sc-status sc-substatus sc-win32-status time-taken
2019-05-13 08:19:49 ::1 GET /brokers/addBrokers - 63686 - ::1 Mozilla/5.0+(Windows+NT+6.1;+Win64;+x64;+rv:66.0)+Gecko/20100101+Firefox/66.0 - 404 0 0 2027
#Software: Microsoft Internet Information Services 10.0
#Version: 1.0
#Date: 2019-05-13 08:20:38
#Fields: date time s-ip cs-method cs-uri-stem cs-uri-query s-port cs-username c-ip cs(User-Agent) cs(Referer) sc-status sc-substatus sc-win32-status time-taken
2019-05-13 08:20:38 ::1 GET / - 63686 - ::1 Mozilla/5.0+(Windows+NT+6.1;+Win64;+x64;+rv:66.0)+Gecko/20100101+Firefox/66.0 - 200 0 0 6584
2019-05-13 08:20:38 ::1 GET /Scripts/modernizr-2.6.2.js - 63686 - ::1 Mozilla/5.0+(Windows+NT+6.1;+Win64;+x64;+rv:66.0)+Gecko/20100101+Firefox/66.0 http://localhost:63686/ 404 0 2 0
2019-05-13 08:20:38 ::1 GET /Content/Site.css - 63686 - ::1 Mozilla/5.0+(Windows+NT+6.1;+Win64;+x64;+rv:66.0)+Gecko/20100101+Firefox/66.0 http://localhost:63686/ 200 0 64 15
2019-05-13 08:20:38 ::1 GET /Content/bootstrap.min.css - 63686 - ::1 Mozilla/5.0+(Windows+NT+6.1;+Win64;+x64;+rv:66.0)+Gecko/20100101+Firefox/66.0 http://localhost:63686/ 200 0 64 327
2019-05-13 08:20:42 ::1 GET /brokers - 63686 - ::1 Mozilla/5.0+(Windows+NT+6.1;+Win64;+x64;+rv:66.0)+Gecko/20100101+Firefox/66.0 http://localhost:63686/ 500 0 0 234
#Software: Microsoft Internet Information Services 10.0
#Version: 1.0
#Date: 2019-05-13 08:22:04
#Fields: date time s-ip cs-method cs-uri-stem cs-uri-query s-port cs-username c-ip cs(User-Agent) cs(Referer) sc-status sc-substatus sc-win32-status time-taken
2019-05-13 08:22:04 ::1 GET / - 63686 - ::1 Mozilla/5.0+(Windows+NT+6.1;+Win64;+x64;+rv:66.0)+Gecko/20100101+Firefox/66.0 - 200 0 0 1451
2019-05-13 08:22:04 ::1 GET /Scripts/modernizr-2.6.2.js - 63686 - ::1 Mozilla/5.0+(Windows+NT+6.1;+Win64;+x64;+rv:66.0)+Gecko/20100101+Firefox/66.0 http://localhost:63686/ 404 0 2 46
2019-05-13 08:22:06 ::1 GET /brokers - 63686 - ::1 Mozilla/5.0+(Windows+NT+6.1;+Win64;+x64;+rv:66.0)+Gecko/20100101+Firefox/66.0 http://localhost:63686/ 500 0 0 202
#Software: Microsoft Internet Information Services 10.0
#Version: 1.0
#Date: 2019-05-13 08:23:27
#Fields: date time s-ip cs-method cs-uri-stem cs-uri-query s-port cs-username c-ip cs(User-Agent) cs(Referer) sc-status sc-substatus sc-win32-status time-taken
2019-05-13 08:23:27 ::1 GET /brokers/addBrokers - 63686 - ::1 Mozilla/5.0+(Windows+NT+6.1;+Win64;+x64;+rv:66.0)+Gecko/20100101+Firefox/66.0 - 404 0 0 3904
2019-05-13 08:23:53 ::1 GET / - 63686 - ::1 Mozilla/5.0+(Windows+NT+6.1;+Win64;+x64;+rv:66.0)+Gecko/20100101+Firefox/66.0 - 200 0 0 1942
2019-05-13 08:23:53 ::1 GET /Scripts/modernizr-2.6.2.js - 63686 - ::1 Mozilla/5.0+(Windows+NT+6.1;+Win64;+x64;+rv:66.0)+Gecko/20100101+Firefox/66.0 http://localhost:63686/ 404 0 2 13
2019-05-13 08:23:53 ::1 GET /Content/Site.css - 63686 - ::1 Mozilla/5.0+(Windows+NT+6.1;+Win64;+x64;+rv:66.0)+Gecko/20100101+Firefox/66.0 http://localhost:63686/ 200 0 64 62
2019-05-13 08:24:00 ::1 GET /brokers - 63686 - ::1 Mozilla/5.0+(Windows+NT+6.1;+Win64;+x64;+rv:66.0)+Gecko/20100101+Firefox/66.0 http://localhost:63686/ 200 0 0 391
2019-05-13 08:24:00 ::1 GET /Scripts/modernizr-2.6.2.js - 63686 - ::1 Mozilla/5.0+(Windows+NT+6.1;+Win64;+x64;+rv:66.0)+Gecko/20100101+Firefox/66.0 http://localhost:63686/brokers 404 0 2 1
2019-05-13 08:24:18 ::1 POST /brokers - 63686 - ::1 Mozilla/5.0+(Windows+NT+6.1;+Win64;+x64;+rv:66.0)+Gecko/20100101+Firefox/66.0 http://localhost:63686/brokers 200 0 0 25
2019-05-13 08:24:18 ::1 GET /Scripts/modernizr-2.6.2.js - 63686 - ::1 Mozilla/5.0+(Windows+NT+6.1;+Win64;+x64;+rv:66.0)+Gecko/20100101+Firefox/66.0 http://localhost:63686/brokers 404 0 2 25
2019-05-13 08:24:44 ::1 POST /brokers - 63686 - ::1 Mozilla/5.0+(Windows+NT+6.1;+Win64;+x64;+rv:66.0)+Gecko/20100101+Firefox/66.0 http://localhost:63686/brokers 200 0 0 9
2019-05-13 08:24:44 ::1 GET /Scripts/modernizr-2.6.2.js - 63686 - ::1 Mozilla/5.0+(Windows+NT+6.1;+Win64;+x64;+rv:66.0)+Gecko/20100101+Firefox/66.0 http://localhost:63686/brokers 404 0 2 17
#Software: Microsoft Internet Information Services 10.0
#Version: 1.0
#Date: 2019-05-13 08:40:03
#Fields: date time s-ip cs-method cs-uri-stem cs-uri-query s-port cs-username c-ip cs(User-Agent) cs(Referer) sc-status sc-substatus sc-win32-status time-taken
2019-05-13 08:40:03 ::1 GET / - 63686 - ::1 Mozilla/5.0+(Windows+NT+6.1;+Win64;+x64;+rv:66.0)+Gecko/20100101+Firefox/66.0 - 200 0 0 10855
2019-05-13 08:40:03 ::1 GET /Scripts/modernizr-2.6.2.js - 63686 - ::1 Mozilla/5.0+(Windows+NT+6.1;+Win64;+x64;+rv:66.0)+Gecko/20100101+Firefox/66.0 http://localhost:63686/ 404 0 2 11
2019-05-13 08:40:03 ::1 GET /Content/Site.css - 63686 - ::1 Mozilla/5.0+(Windows+NT+6.1;+Win64;+x64;+rv:66.0)+Gecko/20100101+Firefox/66.0 http://localhost:63686/ 200 0 64 23
2019-05-13 08:40:03 ::1 GET /Content/bootstrap.min.css - 63686 - ::1 Mozilla/5.0+(Windows+NT+6.1;+Win64;+x64;+rv:66.0)+Gecko/20100101+Firefox/66.0 http://localhost:63686/ 200 0 64 40
2019-05-13 08:40:03 ::1 GET /favicon.ico - 63686 - ::1 Mozilla/5.0+(Windows+NT+6.1;+Win64;+x64;+rv:66.0)+Gecko/20100101+Firefox/66.0 - 404 0 64 3
2019-05-13 08:40:06 ::1 GET /brokers - 63686 - ::1 Mozilla/5.0+(Windows+NT+6.1;+Win64;+x64;+rv:66.0)+Gecko/20100101+Firefox/66.0 http://localhost:63686/ 200 0 0 897
2019-05-13 08:40:06 ::1 GET /Scripts/modernizr-2.6.2.js - 63686 - ::1 Mozilla/5.0+(Windows+NT+6.1;+Win64;+x64;+rv:66.0)+Gecko/20100101+Firefox/66.0 http://localhost:63686/brokers 404 0 2 19
2019-05-13 08:41:10 ::1 GET /brokers - 63686 - ::1 Mozilla/5.0+(Windows+NT+6.1;+Win64;+x64;+rv:66.0)+Gecko/20100101+Firefox/66.0 http://localhost:63686/ 200 0 0 498
2019-05-13 08:41:10 ::1 GET /Content/Site.css - 63686 - ::1 Mozilla/5.0+(Windows+NT+6.1;+Win64;+x64;+rv:66.0)+Gecko/20100101+Firefox/66.0 http://localhost:63686/brokers 304 0 0 13
2019-05-13 08:41:10 ::1 GET /Content/bootstrap.min.css - 63686 - ::1 Mozilla/5.0+(Windows+NT+6.1;+Win64;+x64;+rv:66.0)+Gecko/20100101+Firefox/66.0 http://localhost:63686/brokers 304 0 0 13
2019-05-13 08:41:10 ::1 GET /Scripts/bootstrap.min.js - 63686 - ::1 Mozilla/5.0+(Windows+NT+6.1;+Win64;+x64;+rv:66.0)+Gecko/20100101+Firefox/66.0 http://localhost:63686/brokers 304 0 0 12
2019-05-13 08:41:10 ::1 GET /Scripts/modernizr-2.6.2.js - 63686 - ::1 Mozilla/5.0+(Windows+NT+6.1;+Win64;+x64;+rv:66.0)+Gecko/20100101+Firefox/66.0 http://localhost:63686/brokers 404 0 2 12
2019-05-13 08:41:27 ::1 POST /brokers - 63686 - ::1 Mozilla/5.0+(Windows+NT+6.1;+Win64;+x64;+rv:66.0)+Gecko/20100101+Firefox/66.0 http://localhost:63686/brokers 200 0 0 29
2019-05-13 08:41:27 ::1 GET /Scripts/modernizr-2.6.2.js - 63686 - ::1 Mozilla/5.0+(Windows+NT+6.1;+Win64;+x64;+rv:66.0)+Gecko/20100101+Firefox/66.0 http://localhost:63686/brokers 404 0 2 15
2019-05-13 08:52:54 ::1 POST /brokers - 63686 - ::1 Mozilla/5.0+(Windows+NT+6.1;+Win64;+x64;+rv:66.0)+Gecko/20100101+Firefox/66.0 http://localhost:63686/brokers 200 0 0 0
2019-05-13 08:52:54 ::1 GET /Scripts/modernizr-2.6.2.js - 63686 - ::1 Mozilla/5.0+(Windows+NT+6.1;+Win64;+x64;+rv:66.0)+Gecko/20100101+Firefox/66.0 http://localhost:63686/brokers 404 0 2 15
#Software: Microsoft Internet Information Services 10.0
#Version: 1.0
#Date: 2019-05-13 09:21:16
#Fields: date time s-ip cs-method cs-uri-stem cs-uri-query s-port cs-username c-ip cs(User-Agent) cs(Referer) sc-status sc-substatus sc-win32-status time-taken
2019-05-13 09:21:16 ::1 GET / - 63686 - ::1 Mozilla/5.0+(Windows+NT+6.1;+Win64;+x64;+rv:66.0)+Gecko/20100101+Firefox/66.0 - 200 0 0 13839
2019-05-13 09:21:16 ::1 GET /Scripts/modernizr-2.6.2.js - 63686 - ::1 Mozilla/5.0+(Windows+NT+6.1;+Win64;+x64;+rv:66.0)+Gecko/20100101+Firefox/66.0 http://localhost:63686/ 404 0 2 78
2019-05-13 09:21:16 ::1 GET /Content/Site.css - 63686 - ::1 Mozilla/5.0+(Windows+NT+6.1;+Win64;+x64;+rv:66.0)+Gecko/20100101+Firefox/66.0 http://localhost:63686/ 200 0 64 202
2019-05-13 09:21:16 ::1 GET /Content/bootstrap.min.css - 63686 - ::1 Mozilla/5.0+(Windows+NT+6.1;+Win64;+x64;+rv:66.0)+Gecko/20100101+Firefox/66.0 http://localhost:63686/ 200 0 64 764
2019-05-13 09:21:17 ::1 GET /favicon.ico - 63686 - ::1 Mozilla/5.0+(Windows+NT+6.1;+Win64;+x64;+rv:66.0)+Gecko/20100101+Firefox/66.0 - 404 0 2 0
2019-05-13 09:21:26 ::1 GET / - 63686 - ::1 Mozilla/5.0+(Windows+NT+6.1;+Win64;+x64;+rv:66.0)+Gecko/20100101+Firefox/66.0 http://localhost:63686/ 200 0 0 15
2019-05-13 09:21:26 ::1 GET /Scripts/modernizr-2.6.2.js - 63686 - ::1 Mozilla/5.0+(Windows+NT+6.1;+Win64;+x64;+rv:66.0)+Gecko/20100101+Firefox/66.0 http://localhost:63686/ 404 0 2 0
2019-05-13 09:21:27 ::1 GET /brokers - 63686 - ::1 Mozilla/5.0+(Windows+NT+6.1;+Win64;+x64;+rv:66.0)+Gecko/20100101+Firefox/66.0 http://localhost:63686/ 200 0 0 343
2019-05-13 09:21:27 ::1 GET /Scripts/modernizr-2.6.2.js - 63686 - ::1 Mozilla/5.0+(Windows+NT+6.1;+Win64;+x64;+rv:66.0)+Gecko/20100101+Firefox/66.0 http://localhost:63686/brokers 404 0 2 0
2019-05-13 09:21:27 ::1 GET / - 63686 - ::1 Mozilla/5.0+(Windows+NT+6.1;+Win64;+x64;+rv:66.0)+Gecko/20100101+Firefox/66.0 http://localhost:63686/brokers 200 0 0 15
2019-05-13 09:21:27 ::1 GET /Scripts/modernizr-2.6.2.js - 63686 - ::1 Mozilla/5.0+(Windows+NT+6.1;+Win64;+x64;+rv:66.0)+Gecko/20100101+Firefox/66.0 http://localhost:63686/ 404 0 2 0
2019-05-13 09:21:29 ::1 GET /brokers - 63686 - ::1 Mozilla/5.0+(Windows+NT+6.1;+Win64;+x64;+rv:66.0)+Gecko/20100101+Firefox/66.0 http://localhost:63686/ 200 0 0 15
2019-05-13 09:21:29 ::1 GET /Scripts/modernizr-2.6.2.js - 63686 - ::1 Mozilla/5.0+(Windows+NT+6.1;+Win64;+x64;+rv:66.0)+Gecko/20100101+Firefox/66.0 http://localhost:63686/brokers 404 0 2 15
2019-05-13 09:21:31 ::1 GET / - 63686 - ::1 Mozilla/5.0+(Windows+NT+6.1;+Win64;+x64;+rv:66.0)+Gecko/20100101+Firefox/66.0 http://localhost:63686/brokers 200 0 0 0
2019-05-13 09:21:31 ::1 GET /Scripts/modernizr-2.6.2.js - 63686 - ::1 Mozilla/5.0+(Windows+NT+6.1;+Win64;+x64;+rv:66.0)+Gecko/20100101+Firefox/66.0 http://localhost:63686/ 404 0 2 0
2019-05-13 09:21:31 ::1 GET /brokers - 63686 - ::1 Mozilla/5.0+(Windows+NT+6.1;+Win64;+x64;+rv:66.0)+Gecko/20100101+Firefox/66.0 http://localhost:63686/ 200 0 0 15
2019-05-13 09:21:31 ::1 GET /Scripts/modernizr-2.6.2.js - 63686 - ::1 Mozilla/5.0+(Windows+NT+6.1;+Win64;+x64;+rv:66.0)+Gecko/20100101+Firefox/66.0 http://localhost:63686/brokers 404 0 2 31
#Software: Microsoft Internet Information Services 10.0
#Version: 1.0
#Date: 2019-05-13 11:57:35
#Fields: date time s-ip cs-method cs-uri-stem cs-uri-query s-port cs-username c-ip cs(User-Agent) cs(Referer) sc-status sc-substatus sc-win32-status time-taken
2019-05-13 11:57:35 ::1 GET /brokers/addBrokers - 63686 - ::1 Mozilla/5.0+(Windows+NT+6.1;+Win64;+x64;+rv:66.0)+Gecko/20100101+Firefox/66.0 - 200 0 0 55095
2019-05-13 11:57:35 ::1 GET /Scripts/modernizr-2.6.2.js - 63686 - ::1 Mozilla/5.0+(Windows+NT+6.1;+Win64;+x64;+rv:66.0)+Gecko/20100101+Firefox/66.0 http://localhost:63686/brokers/addBrokers 404 0 2 79
2019-05-13 11:57:35 ::1 GET /Content/Site.css - 63686 - ::1 Mozilla/5.0+(Windows+NT+6.1;+Win64;+x64;+rv:66.0)+Gecko/20100101+Firefox/66.0 http://localhost:63686/brokers/addBrokers 200 0 0 233
2019-05-13 11:57:35 ::1 GET /Scripts/jquery-1.10.2.min.js - 63686 - ::1 Mozilla/5.0+(Windows+NT+6.1;+Win64;+x64;+rv:66.0)+Gecko/20100101+Firefox/66.0 http://localhost:63686/brokers/addBrokers 404 0 2 235
2019-05-13 11:57:35 ::1 GET /Content/bootstrap.min.css - 63686 - ::1 Mozilla/5.0+(Windows+NT+6.1;+Win64;+x64;+rv:66.0)+Gecko/20100101+Firefox/66.0 http://localhost:63686/brokers/addBrokers 200 0 0 252
2019-05-13 11:57:35 ::1 GET /Scripts/jquery.validate.unobtrusive.min.js - 63686 - ::1 Mozilla/5.0+(Windows+NT+6.1;+Win64;+x64;+rv:66.0)+Gecko/20100101+Firefox/66.0 http://localhost:63686/brokers/addBrokers 200 0 0 313
2019-05-13 11:57:35 ::1 GET /Scripts/jquery.validate.min.js - 63686 - ::1 Mozilla/5.0+(Windows+NT+6.1;+Win64;+x64;+rv:66.0)+Gecko/20100101+Firefox/66.0 http://localhost:63686/brokers/addBrokers 200 0 0 739
2019-05-13 11:57:37 ::1 GET /favicon.ico - 63686 - ::1 Mozilla/5.0+(Windows+NT+6.1;+Win64;+x64;+rv:66.0)+Gecko/20100101+Firefox/66.0 - 404 0 2 42
2019-05-13 11:58:07 ::1 POST /brokers/addBrokers - 63686 - ::1 Mozilla/5.0+(Windows+NT+6.1;+Win64;+x64;+rv:66.0)+Gecko/20100101+Firefox/66.0 http://localhost:63686/brokers/addBrokers 200 0 0 49
2019-05-13 11:58:07 ::1 GET /Scripts/modernizr-2.6.2.js - 63686 - ::1 Mozilla/5.0+(Windows+NT+6.1;+Win64;+x64;+rv:66.0)+Gecko/20100101+Firefox/66.0 http://localhost:63686/brokers/addBrokers 404 0 2 2
2019-05-13 11:58:07 ::1 GET /Scripts/jquery-1.10.2.min.js - 63686 - ::1 Mozilla/5.0+(Windows+NT+6.1;+Win64;+x64;+rv:66.0)+Gecko/20100101+Firefox/66.0 http://localhost:63686/brokers/addBrokers 404 0 2 37
2019-05-13 11:58:07 ::1 GET /Scripts/jquery.validate.unobtrusive.min.js - 63686 - ::1 Mozilla/5.0+(Windows+NT+6.1;+Win64;+x64;+rv:66.0)+Gecko/20100101+Firefox/66.0 http://localhost:63686/brokers/addBrokers 304 0 0 27
2019-05-13 11:58:07 ::1 GET /Scripts/jquery.validate.min.js - 63686 - ::1 Mozilla/5.0+(Windows+NT+6.1;+Win64;+x64;+rv:66.0)+Gecko/20100101+Firefox/66.0 http://localhost:63686/brokers/addBrokers 304 0 0 27
2019-05-13 11:58:11 ::1 GET /brokers - 63686 - ::1 Mozilla/5.0+(Windows+NT+6.1;+Win64;+x64;+rv:66.0)+Gecko/20100101+Firefox/66.0 http://localhost:63686/brokers/addBrokers 404 0 0 133
#Software: Microsoft Internet Information Services 10.0
#Version: 1.0
#Date: 2019-05-13 12:01:19
#Fields: date time s-ip cs-method cs-uri-stem cs-uri-query s-port cs-username c-ip cs(User-Agent) cs(Referer) sc-status sc-substatus sc-win32-status time-taken
2019-05-13 12:01:19 ::1 GET /brokers/addBrokers - 63686 - ::1 Mozilla/5.0+(Windows+NT+6.1;+Win64;+x64;+rv:66.0)+Gecko/20100101+Firefox/66.0 - 200 0 0 5947
2019-05-13 12:01:19 ::1 GET /Scripts/modernizr-2.6.2.js - 63686 - ::1 Mozilla/5.0+(Windows+NT+6.1;+Win64;+x64;+rv:66.0)+Gecko/20100101+Firefox/66.0 http://localhost:63686/brokers/addBrokers 404 0 2 30
2019-05-13 12:01:19 ::1 GET /Scripts/jquery-1.10.2.min.js - 63686 - ::1 Mozilla/5.0+(Windows+NT+6.1;+Win64;+x64;+rv:66.0)+Gecko/20100101+Firefox/66.0 http://localhost:63686/brokers/addBrokers 404 0 2 40
2019-05-13 12:01:19 ::1 GET /Scripts/jquery.validate.unobtrusive.min.js - 63686 - ::1 Mozilla/5.0+(Windows+NT+6.1;+Win64;+x64;+rv:66.0)+Gecko/20100101+Firefox/66.0 http://localhost:63686/brokers/addBrokers 200 0 0 40
2019-05-13 12:01:19 ::1 GET /Scripts/jquery.validate.min.js - 63686 - ::1 Mozilla/5.0+(Windows+NT+6.1;+Win64;+x64;+rv:66.0)+Gecko/20100101+Firefox/66.0 http://localhost:63686/brokers/addBrokers 200 0 0 192
2019-05-13 12:01:30 ::1 POST /brokers/addBrokers - 63686 - ::1 Mozilla/5.0+(Windows+NT+6.1;+Win64;+x64;+rv:66.0)+Gecko/20100101+Firefox/66.0 http://localhost:63686/brokers/addBrokers 200 0 0 30
2019-05-13 12:01:30 ::1 GET /Scripts/modernizr-2.6.2.js - 63686 - ::1 Mozilla/5.0+(Windows+NT+6.1;+Win64;+x64;+rv:66.0)+Gecko/20100101+Firefox/66.0 http://localhost:63686/brokers/addBrokers 404 0 2 30
2019-05-13 12:01:30 ::1 GET /Scripts/jquery.validate.unobtrusive.min.js - 63686 - ::1 Mozilla/5.0+(Windows+NT+6.1;+Win64;+x64;+rv:66.0)+Gecko/20100101+Firefox/66.0 http://localhost:63686/brokers/addBrokers 304 0 0 30
2019-05-13 12:01:30 ::1 GET /Scripts/jquery-1.10.2.min.js - 63686 - ::1 Mozilla/5.0+(Windows+NT+6.1;+Win64;+x64;+rv:66.0)+Gecko/20100101+Firefox/66.0 http://localhost:63686/brokers/addBrokers 404 0 2 30
2019-05-13 12:02:02 ::1 POST /brokers/addBrokers - 63686 - ::1 Mozilla/5.0+(Windows+NT+6.1;+Win64;+x64;+rv:66.0)+Gecko/20100101+Firefox/66.0 http://localhost:63686/brokers/addBrokers 200 0 0 0
2019-05-13 12:02:02 ::1 GET /Scripts/modernizr-2.6.2.js - 63686 - ::1 Mozilla/5.0+(Windows+NT+6.1;+Win64;+x64;+rv:66.0)+Gecko/20100101+Firefox/66.0 http://localhost:63686/brokers/addBrokers 404 0 2 10
2019-05-13 12:02:02 ::1 GET /Scripts/jquery-1.10.2.min.js - 63686 - ::1 Mozilla/5.0+(Windows+NT+6.1;+Win64;+x64;+rv:66.0)+Gecko/20100101+Firefox/66.0 http://localhost:63686/brokers/addBrokers 404 0 2 20
2019-05-13 12:02:02 ::1 GET /Scripts/jquery.validate.min.js - 63686 - ::1 Mozilla/5.0+(Windows+NT+6.1;+Win64;+x64;+rv:66.0)+Gecko/20100101+Firefox/66.0 http://localhost:63686/brokers/addBrokers 304 0 0 20
2019-05-13 12:02:02 ::1 GET /Scripts/jquery.validate.unobtrusive.min.js - 63686 - ::1 Mozilla/5.0+(Windows+NT+6.1;+Win64;+x64;+rv:66.0)+Gecko/20100101+Firefox/66.0 http://localhost:63686/brokers/addBrokers 304 0 0 20
2019-05-13 12:02:02 ::1 GET /Content/Site.css - 63686 - ::1 Mozilla/5.0+(Windows+NT+6.1;+Win64;+x64;+rv:66.0)+Gecko/20100101+Firefox/66.0 http://localhost:63686/brokers/addBrokers 200 0 0 60
2019-05-13 12:02:02 ::1 GET /Content/bootstrap.min.css - 63686 - ::1 Mozilla/5.0+(Windows+NT+6.1;+Win64;+x64;+rv:66.0)+Gecko/20100101+Firefox/66.0 http://localhost:63686/brokers/addBrokers 304 0 0 430
2019-05-13 12:02:02 ::1 GET /Scripts/bootstrap.min.js - 63686 - ::1 Mozilla/5.0+(Windows+NT+6.1;+Win64;+x64;+rv:66.0)+Gecko/20100101+Firefox/66.0 http://localhost:63686/brokers/addBrokers 304 0 0 640
2019-05-13 12:02:07 ::1 POST /brokers/addBrokers - 63686 - ::1 Mozilla/5.0+(Windows+NT+6.1;+Win64;+x64;+rv:66.0)+Gecko/20100101+Firefox/66.0 http://localhost:63686/brokers/addBrokers 200 0 0 10
2019-05-13 12:02:07 ::1 GET /Scripts/jquery.validate.min.js - 63686 - ::1 Mozilla/5.0+(Windows+NT+6.1;+Win64;+x64;+rv:66.0)+Gecko/20100101+Firefox/66.0 http://localhost:63686/brokers/addBrokers 304 0 0 40
2019-05-13 12:02:07 ::1 GET /Scripts/jquery-1.10.2.min.js - 63686 - ::1 Mozilla/5.0+(Windows+NT+6.1;+Win64;+x64;+rv:66.0)+Gecko/20100101+Firefox/66.0 http://localhost:63686/brokers/addBrokers 404 0 2 40
2019-05-13 12:02:07 ::1 GET /Scripts/modernizr-2.6.2.js - 63686 - ::1 Mozilla/5.0+(Windows+NT+6.1;+Win64;+x64;+rv:66.0)+Gecko/20100101+Firefox/66.0 http://localhost:63686/brokers/addBrokers 404 0 2 40
2019-05-13 12:02:07 ::1 GET /Content/bootstrap.min.css - 63686 - ::1 Mozilla/5.0+(Windows+NT+6.1;+Win64;+x64;+rv:66.0)+Gecko/20100101+Firefox/66.0 http://localhost:63686/brokers/addBrokers 304 0 0 40
2019-05-13 12:02:07 ::1 GET /Scripts/jquery.validate.unobtrusive.min.js - 63686 - ::1 Mozilla/5.0+(Windows+NT+6.1;+Win64;+x64;+rv:66.0)+Gecko/20100101+Firefox/66.0 http://localhost:63686/brokers/addBrokers 304 0 0 40
2019-05-13 12:02:07 ::1 GET /Scripts/bootstrap.min.js - 63686 - ::1 Mozilla/5.0+(Windows+NT+6.1;+Win64;+x64;+rv:66.0)+Gecko/20100101+Firefox/66.0 http://localhost:63686/brokers/addBrokers 304 0 0 0
2019-05-13 12:02:07 ::1 GET /Content/Site.css - 63686 - ::1 Mozilla/5.0+(Windows+NT+6.1;+Win64;+x64;+rv:66.0)+Gecko/20100101+Firefox/66.0 http://localhost:63686/brokers/addBrokers 200 0 0 50
2019-05-13 12:02:07 ::1 GET /Scripts/jquery-1.10.2.min.js - 63686 - ::1 Mozilla/5.0+(Windows+NT+6.1;+Win64;+x64;+rv:66.0)+Gecko/20100101+Firefox/66.0 http://localhost:63686/brokers/addBrokers 404 0 2 0
#Software: Microsoft Internet Information Services 10.0
#Version: 1.0
#Date: 2019-05-13 12:04:01
#Fields: date time s-ip cs-method cs-uri-stem cs-uri-query s-port cs-username c-ip cs(User-Agent) cs(Referer) sc-status sc-substatus sc-win32-status time-taken
2019-05-13 12:04:01 ::1 GET /brokers/addBrokers - 63686 - ::1 Mozilla/5.0+(Windows+NT+6.1;+Win64;+x64;+rv:66.0)+Gecko/20100101+Firefox/66.0 - 200 0 0 4979
2019-05-13 12:04:01 ::1 GET /Scripts/modernizr-2.6.2.js - 63686 - ::1 Mozilla/5.0+(Windows+NT+6.1;+Win64;+x64;+rv:66.0)+Gecko/20100101+Firefox/66.0 http://localhost:63686/brokers/addBrokers 404 0 2 5
2019-05-13 12:04:01 ::1 GET /Scripts/jquery-1.10.2.min.js - 63686 - ::1 Mozilla/5.0+(Windows+NT+6.1;+Win64;+x64;+rv:66.0)+Gecko/20100101+Firefox/66.0 http://localhost:63686/brokers/addBrokers 404 0 2 10
2019-05-13 12:04:01 ::1 GET /Scripts/jquery.validate.unobtrusive.min.js - 63686 - ::1 Mozilla/5.0+(Windows+NT+6.1;+Win64;+x64;+rv:66.0)+Gecko/20100101+Firefox/66.0 http://localhost:63686/brokers/addBrokers 304 0 0 18
2019-05-13 12:04:01 ::1 GET /Content/Site.css - 63686 - ::1 Mozilla/5.0+(Windows+NT+6.1;+Win64;+x64;+rv:66.0)+Gecko/20100101+Firefox/66.0 http://localhost:63686/brokers/addBrokers 200 0 0 50
2019-05-13 12:04:01 ::1 GET /Scripts/jquery.validate.min.js - 63686 - ::1 Mozilla/5.0+(Windows+NT+6.1;+Win64;+x64;+rv:66.0)+Gecko/20100101+Firefox/66.0 http://localhost:63686/brokers/addBrokers 304 0 0 75
2019-05-13 12:04:01 ::1 GET /Scripts/jquery-1.10.2.min.js - 63686 - ::1 Mozilla/5.0+(Windows+NT+6.1;+Win64;+x64;+rv:66.0)+Gecko/20100101+Firefox/66.0 http://localhost:63686/brokers/addBrokers 404 0 2 13
2019-05-13 12:04:27 ::1 GET /Content/Site.css - 63686 - ::1 Mozilla/5.0+(Windows+NT+6.1;+Win64;+x64;+rv:66.0)+Gecko/20100101+Firefox/66.0 - 200 0 0 25
2019-05-13 12:04:29 ::1 GET /Content/bootstrap.min.css.map - 63686 - ::1 Mozilla/5.0+(Windows+NT+6.1;+Win64;+x64;+rv:66.0)+Gecko/20100101+Firefox/66.0 - 304 0 0 106
#Software: Microsoft Internet Information Services 10.0
#Version: 1.0
#Date: 2019-05-13 12:07:09
#Fields: date time s-ip cs-method cs-uri-stem cs-uri-query s-port cs-username c-ip cs(User-Agent) cs(Referer) sc-status sc-substatus sc-win32-status time-taken
2019-05-13 12:07:09 ::1 GET /brokers/addBrokers - 63686 - ::1 Mozilla/5.0+(Windows+NT+6.1;+Win64;+x64;+rv:66.0)+Gecko/20100101+Firefox/66.0 - 200 0 0 3995
2019-05-13 12:07:09 ::1 GET /Scripts/jquery.validate.min.js - 63686 - ::1 Mozilla/5.0+(Windows+NT+6.1;+Win64;+x64;+rv:66.0)+Gecko/20100101+Firefox/66.0 http://localhost:63686/brokers/addBrokers 304 0 0 51
2019-05-13 12:07:09 ::1 GET /Scripts/modernizr-2.6.2.js - 63686 - ::1 Mozilla/5.0+(Windows+NT+6.1;+Win64;+x64;+rv:66.0)+Gecko/20100101+Firefox/66.0 http://localhost:63686/brokers/addBrokers 404 0 2 51
2019-05-13 12:07:09 ::1 GET /Scripts/jquery.validate.unobtrusive.min.js - 63686 - ::1 Mozilla/5.0+(Windows+NT+6.1;+Win64;+x64;+rv:66.0)+Gecko/20100101+Firefox/66.0 http://localhost:63686/brokers/addBrokers 304 0 0 41
2019-05-13 12:07:09 ::1 GET /Scripts/jquery-1.10.2.min.js - 63686 - ::1 Mozilla/5.0+(Windows+NT+6.1;+Win64;+x64;+rv:66.0)+Gecko/20100101+Firefox/66.0 http://localhost:63686/brokers/addBrokers 404 0 2 51
2019-05-13 12:07:09 ::1 GET /Content/Site.css - 63686 - ::1 Mozilla/5.0+(Windows+NT+6.1;+Win64;+x64;+rv:66.0)+Gecko/20100101+Firefox/66.0 http://localhost:63686/brokers/addBrokers 200 0 0 76
2019-05-13 12:08:27 ::1 GET /brokers/addBrokers - 63686 - ::1 Mozilla/5.0+(Windows+NT+6.1;+Win64;+x64;+rv:66.0)+Gecko/20100101+Firefox/66.0 - 200 0 0 670
2019-05-13 12:08:27 ::1 GET /Scripts/jquery-1.10.2.min.js - 63686 - ::1 Mozilla/5.0+(Windows+NT+6.1;+Win64;+x64;+rv:66.0)+Gecko/20100101+Firefox/66.0 http://localhost:63686/brokers/addBrokers 404 0 2 70
2019-05-13 12:08:27 ::1 GET /Content/Site.css - 63686 - ::1 Mozilla/5.0+(Windows+NT+6.1;+Win64;+x64;+rv:66.0)+Gecko/20100101+Firefox/66.0 http://localhost:63686/brokers/addBrokers 304 0 0 70
2019-05-13 12:08:27 ::1 GET /Scripts/modernizr-2.6.2.js - 63686 - ::1 Mozilla/5.0+(Windows+NT+6.1;+Win64;+x64;+rv:66.0)+Gecko/20100101+Firefox/66.0 http://localhost:63686/brokers/addBrokers 404 0 2 70
2019-05-13 12:08:27 ::1 GET /Scripts/jquery.validate.min.js - 63686 - ::1 Mozilla/5.0+(Windows+NT+6.1;+Win64;+x64;+rv:66.0)+Gecko/20100101+Firefox/66.0 http://localhost:63686/brokers/addBrokers 304 0 0 70
2019-05-13 12:08:27 ::1 GET /Scripts/jquery.validate.unobtrusive.min.js - 63686 - ::1 Mozilla/5.0+(Windows+NT+6.1;+Win64;+x64;+rv:66.0)+Gecko/20100101+Firefox/66.0 http://localhost:63686/brokers/addBrokers 304 0 0 60
2019-05-13 12:08:27 ::1 GET /Scripts/jquery-1.10.2.min.js - 63686 - ::1 Mozilla/5.0+(Windows+NT+6.1;+Win64;+x64;+rv:66.0)+Gecko/20100101+Firefox/66.0 http://localhost:63686/brokers/addBrokers 404 0 2 20
2019-05-13 12:08:27 ::1 GET /Content/bootstrap.min.css - 63686 - ::1 Mozilla/5.0+(Windows+NT+6.1;+Win64;+x64;+rv:66.0)+Gecko/20100101+Firefox/66.0 http://localhost:63686/brokers/addBrokers 304 0 0 230
2019-05-13 12:08:28 ::1 GET /Scripts/bootstrap.min.js - 63686 - ::1 Mozilla/5.0+(Windows+NT+6.1;+Win64;+x64;+rv:66.0)+Gecko/20100101+Firefox/66.0 http://localhost:63686/brokers/addBrokers 304 0 0 992
#Software: Microsoft Internet Information Services 10.0
#Version: 1.0
#Date: 2019-05-13 12:25:50
#Fields: date time s-ip cs-method cs-uri-stem cs-uri-query s-port cs-username c-ip cs(User-Agent) cs(Referer) sc-status sc-substatus sc-win32-status time-taken
2019-05-13 12:25:50 ::1 GET / - 63686 - ::1 Mozilla/5.0+(Windows+NT+6.1;+Win64;+x64;+rv:66.0)+Gecko/20100101+Firefox/66.0 - 200 0 0 15412
2019-05-13 12:25:50 ::1 GET /Scripts/modernizr-2.6.2.js - 63686 - ::1 Mozilla/5.0+(Windows+NT+6.1;+Win64;+x64;+rv:66.0)+Gecko/20100101+Firefox/66.0 http://localhost:63686/ 404 0 2 10
2019-05-13 12:25:50 ::1 GET /Content/Site.css - 63686 - ::1 Mozilla/5.0+(Windows+NT+6.1;+Win64;+x64;+rv:66.0)+Gecko/20100101+Firefox/66.0 http://localhost:63686/ 200 0 0 110
2019-05-13 12:25:50 ::1 GET /Content/bootstrap.min.css - 63686 - ::1 Mozilla/5.0+(Windows+NT+6.1;+Win64;+x64;+rv:66.0)+Gecko/20100101+Firefox/66.0 http://localhost:63686/ 200 0 64 120
2019-05-13 12:25:55 ::1 GET /brokers - 63686 - ::1 Mozilla/5.0+(Windows+NT+6.1;+Win64;+x64;+rv:66.0)+Gecko/20100101+Firefox/66.0 http://localhost:63686/ 404 0 0 80
#Software: Microsoft Internet Information Services 10.0
#Version: 1.0
#Date: 2019-05-13 12:26:28
#Fields: date time s-ip cs-method cs-uri-stem cs-uri-query s-port cs-username c-ip cs(User-Agent) cs(Referer) sc-status sc-substatus sc-win32-status time-taken
2019-05-13 12:26:28 ::1 GET / - 63686 - ::1 Mozilla/5.0+(Windows+NT+6.1;+Win64;+x64;+rv:66.0)+Gecko/20100101+Firefox/66.0 - 200 0 0 3183
2019-05-13 12:26:28 ::1 GET /Scripts/modernizr-2.6.2.js - 63686 - ::1 Mozilla/5.0+(Windows+NT+6.1;+Win64;+x64;+rv:66.0)+Gecko/20100101+Firefox/66.0 http://localhost:63686/ 404 0 2 70
2019-05-13 12:26:28 ::1 GET /Content/Site.css - 63686 - ::1 Mozilla/5.0+(Windows+NT+6.1;+Win64;+x64;+rv:66.0)+Gecko/20100101+Firefox/66.0 http://localhost:63686/ 200 0 64 100
2019-05-13 12:26:35 ::1 GET /brokers - 63686 - ::1 Mozilla/5.0+(Windows+NT+6.1;+Win64;+x64;+rv:66.0)+Gecko/20100101+Firefox/66.0 http://localhost:63686/ 404 0 0 50
#Software: Microsoft Internet Information Services 10.0
#Version: 1.0
#Date: 2019-05-13 12:28:24
#Fields: date time s-ip cs-method cs-uri-stem cs-uri-query s-port cs-username c-ip cs(User-Agent) cs(Referer) sc-status sc-substatus sc-win32-status time-taken
2019-05-13 12:28:24 ::1 GET /brokers/addBrokers - 63686 - ::1 Mozilla/5.0+(Windows+NT+6.1;+Win64;+x64;+rv:66.0)+Gecko/20100101+Firefox/66.0 - 200 0 0 5565
2019-05-13 12:28:24 ::1 GET /Scripts/modernizr-2.6.2.js - 63686 - ::1 Mozilla/5.0+(Windows+NT+6.1;+Win64;+x64;+rv:66.0)+Gecko/20100101+Firefox/66.0 http://localhost:63686/brokers/addBrokers 404 0 2 10
2019-05-13 12:28:24 ::1 GET /Content/Site.css - 63686 - ::1 Mozilla/5.0+(Windows+NT+6.1;+Win64;+x64;+rv:66.0)+Gecko/20100101+Firefox/66.0 http://localhost:63686/brokers/addBrokers 304 0 0 110
2019-05-13 12:28:28 ::1 GET / - 63686 - ::1 Mozilla/5.0+(Windows+NT+6.1;+Win64;+x64;+rv:66.0)+Gecko/20100101+Firefox/66.0 http://localhost:63686/brokers/addBrokers 200 0 0 536
2019-05-13 12:28:28 ::1 GET /Scripts/modernizr-2.6.2.js - 63686 - ::1 Mozilla/5.0+(Windows+NT+6.1;+Win64;+x64;+rv:66.0)+Gecko/20100101+Firefox/66.0 http://localhost:63686/ 404 0 2 40
2019-05-13 12:28:29 ::1 GET /brokers - 63686 - ::1 Mozilla/5.0+(Windows+NT+6.1;+Win64;+x64;+rv:66.0)+Gecko/20100101+Firefox/66.0 http://localhost:63686/ 404 0 0 20
#Software: Microsoft Internet Information Services 10.0
#Version: 1.0
#Date: 2019-05-13 12:28:48
#Fields: date time s-ip cs-method cs-uri-stem cs-uri-query s-port cs-username c-ip cs(User-Agent) cs(Referer) sc-status sc-substatus sc-win32-status time-taken
2019-05-13 12:28:48 ::1 GET /brokers/addBrokers - 63686 - ::1 Mozilla/5.0+(Windows+NT+6.1;+Win64;+x64;+rv:66.0)+Gecko/20100101+Firefox/66.0 - 200 0 0 1403
2019-05-13 12:28:48 ::1 GET /Scripts/modernizr-2.6.2.js - 63686 - ::1 Mozilla/5.0+(Windows+NT+6.1;+Win64;+x64;+rv:66.0)+Gecko/20100101+Firefox/66.0 http://localhost:63686/brokers/addBrokers 404 0 2 10
2019-05-13 12:28:58 ::1 GET / - 63686 - ::1 Mozilla/5.0+(Windows+NT+6.1;+Win64;+x64;+rv:66.0)+Gecko/20100101+Firefox/66.0 http://localhost:63686/brokers/addBrokers 200 0 0 30
2019-05-13 12:28:58 ::1 GET /Scripts/modernizr-2.6.2.js - 63686 - ::1 Mozilla/5.0+(Windows+NT+6.1;+Win64;+x64;+rv:66.0)+Gecko/20100101+Firefox/66.0 http://localhost:63686/ 404 0 2 0
2019-05-13 12:28:59 ::1 GET /brokers - 63686 - ::1 Mozilla/5.0+(Windows+NT+6.1;+Win64;+x64;+rv:66.0)+Gecko/20100101+Firefox/66.0 http://localhost:63686/ 404 0 0 30
#Software: Microsoft Internet Information Services 10.0
#Version: 1.0
#Date: 2019-05-13 12:30:26
#Fields: date time s-ip cs-method cs-uri-stem cs-uri-query s-port cs-username c-ip cs(User-Agent) cs(Referer) sc-status sc-substatus sc-win32-status time-taken
2019-05-13 12:30:26 ::1 GET / - 63686 - ::1 Mozilla/5.0+(Windows+NT+6.1;+Win64;+x64;+rv:66.0)+Gecko/20100101+Firefox/66.0 - 200 0 0 3092
2019-05-13 12:30:26 ::1 GET /Scripts/modernizr-2.6.2.js - 63686 - ::1 Mozilla/5.0+(Windows+NT+6.1;+Win64;+x64;+rv:66.0)+Gecko/20100101+Firefox/66.0 http://localhost:63686/ 404 0 2 10
2019-05-13 12:30:31 ::1 GET /brokers/addBrokers - 63686 - ::1 Mozilla/5.0+(Windows+NT+6.1;+Win64;+x64;+rv:66.0)+Gecko/20100101+Firefox/66.0 http://localhost:63686/ 200 0 0 30
2019-05-13 12:30:31 ::1 GET /Scripts/modernizr-2.6.2.js - 63686 - ::1 Mozilla/5.0+(Windows+NT+6.1;+Win64;+x64;+rv:66.0)+Gecko/20100101+Firefox/66.0 http://localhost:63686/brokers/addBrokers 404 0 2 10
#Software: Microsoft Internet Information Services 10.0
#Version: 1.0
#Date: 2019-05-13 12:45:11
#Fields: date time s-ip cs-method cs-uri-stem cs-uri-query s-port cs-username c-ip cs(User-Agent) cs(Referer) sc-status sc-substatus sc-win32-status time-taken
2019-05-13 12:45:11 ::1 GET / - 63686 - ::1 Mozilla/5.0+(Windows+NT+6.1;+Win64;+x64;+rv:66.0)+Gecko/20100101+Firefox/66.0 - 200 0 0 22014
2019-05-13 12:45:11 ::1 GET /Content/Site.css - 63686 - ::1 Mozilla/5.0+(Windows+NT+6.1;+Win64;+x64;+rv:66.0)+Gecko/20100101+Firefox/66.0 http://localhost:63686/ 200 0 0 62
2019-05-13 12:45:11 ::1 GET /Content/bootstrap.min.css - 63686 - ::1 Mozilla/5.0+(Windows+NT+6.1;+Win64;+x64;+rv:66.0)+Gecko/20100101+Firefox/66.0 http://localhost:63686/ 200 0 64 156
2019-05-13 12:45:11 ::1 GET /Scripts/modernizr-2.6.2.js - 63686 - ::1 Mozilla/5.0+(Windows+NT+6.1;+Win64;+x64;+rv:66.0)+Gecko/20100101+Firefox/66.0 http://localhost:63686/ 404 0 2 187
2019-05-13 12:45:16 ::1 GET /brokers/addBrokers - 63686 - ::1 Mozilla/5.0+(Windows+NT+6.1;+Win64;+x64;+rv:66.0)+Gecko/20100101+Firefox/66.0 http://localhost:63686/ 200 0 0 469
2019-05-13 12:45:16 ::1 GET /Scripts/modernizr-2.6.2.js - 63686 - ::1 Mozilla/5.0+(Windows+NT+6.1;+Win64;+x64;+rv:66.0)+Gecko/20100101+Firefox/66.0 http://localhost:63686/brokers/addBrokers 404 0 2 15
2019-05-13 12:45:16 ::1 GET /Content/Site.css - 63686 - ::1 Mozilla/5.0+(Windows+NT+6.1;+Win64;+x64;+rv:66.0)+Gecko/20100101+Firefox/66.0 http://localhost:63686/brokers/addBrokers 200 0 64 46
#Software: Microsoft Internet Information Services 10.0
#Version: 1.0
#Date: 2019-05-13 12:55:03
#Fields: date time s-ip cs-method cs-uri-stem cs-uri-query s-port cs-username c-ip cs(User-Agent) cs(Referer) sc-status sc-substatus sc-win32-status time-taken
2019-05-13 12:55:03 ::1 GET / - 63686 - ::1 Mozilla/5.0+(Windows+NT+6.1;+Win64;+x64;+rv:66.0)+Gecko/20100101+Firefox/66.0 - 200 0 0 9891
2019-05-13 12:55:03 ::1 GET /Scripts/modernizr-2.6.2.js - 63686 - ::1 Mozilla/5.0+(Windows+NT+6.1;+Win64;+x64;+rv:66.0)+Gecko/20100101+Firefox/66.0 http://localhost:63686/ 404 0 2 0
2019-05-13 12:55:03 ::1 GET /Content/Site.css - 63686 - ::1 Mozilla/5.0+(Windows+NT+6.1;+Win64;+x64;+rv:66.0)+Gecko/20100101+Firefox/66.0 http://localhost:63686/ 200 0 0 93
2019-05-13 12:55:03 ::1 GET /Content/bootstrap.min.css - 63686 - ::1 Mozilla/5.0+(Windows+NT+6.1;+Win64;+x64;+rv:66.0)+Gecko/20100101+Firefox/66.0 http://localhost:63686/ 200 0 64 202
2019-05-13 12:55:03 ::1 GET /favicon.ico - 63686 - ::1 Mozilla/5.0+(Windows+NT+6.1;+Win64;+x64;+rv:66.0)+Gecko/20100101+Firefox/66.0 - 404 0 2 15
2019-05-13 12:55:09 ::1 GET /brokers/addBrokers - 63686 - ::1 Mozilla/5.0+(Windows+NT+6.1;+Win64;+x64;+rv:66.0)+Gecko/20100101+Firefox/66.0 http://localhost:63686/ 200 0 0 3962
2019-05-13 12:55:09 ::1 GET /Scripts/modernizr-2.6.2.js - 63686 - ::1 Mozilla/5.0+(Windows+NT+6.1;+Win64;+x64;+rv:66.0)+Gecko/20100101+Firefox/66.0 http://localhost:63686/brokers/addBrokers 404 0 2 15
2019-05-13 12:55:09 ::1 GET /Content/Site.css - 63686 - ::1 Mozilla/5.0+(Windows+NT+6.1;+Win64;+x64;+rv:66.0)+Gecko/20100101+Firefox/66.0 http://localhost:63686/brokers/addBrokers 200 0 64 31
2019-05-13 12:55:09 ::1 GET /Scripts/jquery-1.10.2.min.js - 63686 - ::1 Mozilla/5.0+(Windows+NT+6.1;+Win64;+x64;+rv:66.0)+Gecko/20100101+Firefox/66.0 http://localhost:63686/brokers/addBrokers 404 0 2 31
2019-05-13 12:55:09 ::1 GET /Scripts/jquery.validate.unobtrusive.min.js - 63686 - ::1 Mozilla/5.0+(Windows+NT+6.1;+Win64;+x64;+rv:66.0)+Gecko/20100101+Firefox/66.0 http://localhost:63686/brokers/addBrokers 304 0 0 78
2019-05-13 12:55:09 ::1 GET /Scripts/jquery.validate.min.js - 63686 - ::1 Mozilla/5.0+(Windows+NT+6.1;+Win64;+x64;+rv:66.0)+Gecko/20100101+Firefox/66.0 http://localhost:63686/brokers/addBrokers 304 0 0 218
#Software: Microsoft Internet Information Services 10.0
#Version: 1.0
#Date: 2019-05-13 13:24:52
#Fields: date time s-ip cs-method cs-uri-stem cs-uri-query s-port cs-username c-ip cs(User-Agent) cs(Referer) sc-status sc-substatus sc-win32-status time-taken
2019-05-13 13:24:52 ::1 GET /Home/Index - 63686 - ::1 Mozilla/5.0+(Windows+NT+6.1;+Win64;+x64;+rv:66.0)+Gecko/20100101+Firefox/66.0 - 200 0 0 15011
2019-05-13 13:24:52 ::1 GET /Content/Site.css - 63686 - ::1 Mozilla/5.0+(Windows+NT+6.1;+Win64;+x64;+rv:66.0)+Gecko/20100101+Firefox/66.0 http://localhost:63686/Home/Index 200 0 0 31
2019-05-13 13:24:52 ::1 GET /Scripts/modernizr-2.6.2.js - 63686 - ::1 Mozilla/5.0+(Windows+NT+6.1;+Win64;+x64;+rv:66.0)+Gecko/20100101+Firefox/66.0 http://localhost:63686/Home/Index 404 0 2 78
2019-05-13 13:24:52 ::1 GET /Content/bootstrap.min.css - 63686 - ::1 Mozilla/5.0+(Windows+NT+6.1;+Win64;+x64;+rv:66.0)+Gecko/20100101+Firefox/66.0 http://localhost:63686/Home/Index 200 0 64 296
2019-05-13 13:24:54 ::1 GET /favicon.ico - 63686 - ::1 Mozilla/5.0+(Windows+NT+6.1;+Win64;+x64;+rv:66.0)+Gecko/20100101+Firefox/66.0 - 404 0 2 0
2019-05-13 13:25:00 ::1 GET /brokers/addBrokers - 63686 - ::1 Mozilla/5.0+(Windows+NT+6.1;+Win64;+x64;+rv:66.0)+Gecko/20100101+Firefox/66.0 http://localhost:63686/Home/Index 500 0 0 2574
2019-05-13 13:25:46 ::1 GET /brokers/addBrokers - 63686 - ::1 Mozilla/5.0+(Windows+NT+6.1;+Win64;+x64;+rv:66.0)+Gecko/20100101+Firefox/66.0 http://localhost:63686/Home/Index 200 0 0 1529
2019-05-13 13:25:46 ::1 GET /Scripts/modernizr-2.6.2.js - 63686 - ::1 Mozilla/5.0+(Windows+NT+6.1;+Win64;+x64;+rv:66.0)+Gecko/20100101+Firefox/66.0 http://localhost:63686/brokers/addBrokers 404 0 2 46
2019-05-13 13:25:46 ::1 GET /Content/Site.css - 63686 - ::1 Mozilla/5.0+(Windows+NT+6.1;+Win64;+x64;+rv:66.0)+Gecko/20100101+Firefox/66.0 http://localhost:63686/brokers/addBrokers 200 0 0 62
2019-05-13 13:25:46 ::1 GET /Content/bootstrap.min.css - 63686 - ::1 Mozilla/5.0+(Windows+NT+6.1;+Win64;+x64;+rv:66.0)+Gecko/20100101+Firefox/66.0 http://localhost:63686/brokers/addBrokers 200 0 0 249
2019-05-13 13:25:48 ::1 GET /Scripts/bootstrap.min.js - 63686 - ::1 Mozilla/5.0+(Windows+NT+6.1;+Win64;+x64;+rv:66.0)+Gecko/20100101+Firefox/66.0 http://localhost:63686/brokers/addBrokers 304 0 0 1747
2019-05-13 13:26:12 ::1 POST /brokers/addBrokers - 63686 - ::1 Mozilla/5.0+(Windows+NT+6.1;+Win64;+x64;+rv:66.0)+Gecko/20100101+Firefox/66.0 http://localhost:63686/brokers/addBrokers 500 0 0 234
#Software: Microsoft Internet Information Services 10.0
#Version: 1.0
#Date: 2019-05-13 13:31:22
#Fields: date time s-ip cs-method cs-uri-stem cs-uri-query s-port cs-username c-ip cs(User-Agent) cs(Referer) sc-status sc-substatus sc-win32-status time-taken
2019-05-13 13:31:22 ::1 GET /brokers/addBrokers - 63686 - ::1 Mozilla/5.0+(Windows+NT+6.1;+Win64;+x64;+rv:66.0)+Gecko/20100101+Firefox/66.0 - 200 0 0 4440
2019-05-13 13:31:22 ::1 GET /Scripts/modernizr-2.6.2.js - 63686 - ::1 Mozilla/5.0+(Windows+NT+6.1;+Win64;+x64;+rv:66.0)+Gecko/20100101+Firefox/66.0 http://localhost:63686/brokers/addBrokers 404 0 2 31
2019-05-13 13:31:22 ::1 GET /Content/Site.css - 63686 - ::1 Mozilla/5.0+(Windows+NT+6.1;+Win64;+x64;+rv:66.0)+Gecko/20100101+Firefox/66.0 http://localhost:63686/brokers/addBrokers 200 0 0 46
#Software: Microsoft Internet Information Services 10.0
#Version: 1.0
#Date: 2019-05-13 13:34:16
#Fields: date time s-ip cs-method cs-uri-stem cs-uri-query s-port cs-username c-ip cs(User-Agent) cs(Referer) sc-status sc-substatus sc-win32-status time-taken
2019-05-13 13:34:16 ::1 GET /brokers/addBrokers - 63686 - ::1 Mozilla/5.0+(Windows+NT+6.1;+Win64;+x64;+rv:66.0)+Gecko/20100101+Firefox/66.0 - 200 0 0 3464
2019-05-13 13:34:16 ::1 GET /Content/Site.css - 63686 - ::1 Mozilla/5.0+(Windows+NT+6.1;+Win64;+x64;+rv:66.0)+Gecko/20100101+Firefox/66.0 http://localhost:63686/brokers/addBrokers 304 0 0 46
2019-05-13 13:34:16 ::1 GET /Scripts/modernizr-2.6.2.js - 63686 - ::1 Mozilla/5.0+(Windows+NT+6.1;+Win64;+x64;+rv:66.0)+Gecko/20100101+Firefox/66.0 http://localhost:63686/brokers/addBrokers 404 0 2 93
2019-05-13 13:34:16 ::1 GET /Content/bootstrap.min.css - 63686 - ::1 Mozilla/5.0+(Windows+NT+6.1;+Win64;+x64;+rv:66.0)+Gecko/20100101+Firefox/66.0 http://localhost:63686/brokers/addBrokers 200 0 64 187
#Software: Microsoft Internet Information Services 10.0
#Version: 1.0
#Date: 2019-05-13 13:38:11
#Fields: date time s-ip cs-method cs-uri-stem cs-uri-query s-port cs-username c-ip cs(User-Agent) cs(Referer) sc-status sc-substatus sc-win32-status time-taken
2019-05-13 13:38:11 ::1 GET /brokers/addBrokers - 63686 - ::1 Mozilla/5.0+(Windows+NT+6.1;+Win64;+x64;+rv:66.0)+Gecko/20100101+Firefox/66.0 - 200 0 0 3183
2019-05-13 13:38:11 ::1 GET /Scripts/modernizr-2.6.2.js - 63686 - ::1 Mozilla/5.0+(Windows+NT+6.1;+Win64;+x64;+rv:66.0)+Gecko/20100101+Firefox/66.0 http://localhost:63686/brokers/addBrokers 404 0 2 15
2019-05-13 13:38:11 ::1 GET /Content/bootstrap.min.css - 63686 - ::1 Mozilla/5.0+(Windows+NT+6.1;+Win64;+x64;+rv:66.0)+Gecko/20100101+Firefox/66.0 http://localhost:63686/brokers/addBrokers 200 0 64 124
2019-05-13 13:38:15 ::1 GET / - 63686 - ::1 Mozilla/5.0+(Windows+NT+6.1;+Win64;+x64;+rv:66.0)+Gecko/20100101+Firefox/66.0 http://localhost:63686/brokers/addBrokers 200 0 0 15
2019-05-13 13:38:15 ::1 GET /Scripts/modernizr-2.6.2.js - 63686 - ::1 Mozilla/5.0+(Windows+NT+6.1;+Win64;+x64;+rv:66.0)+Gecko/20100101+Firefox/66.0 http://localhost:63686/ 404 0 2 0
2019-05-13 13:38:15 ::1 GET /Content/bootstrap.min.css - 63686 - ::1 Mozilla/5.0+(Windows+NT+6.1;+Win64;+x64;+rv:66.0)+Gecko/20100101+Firefox/66.0 http://localhost:63686/ 200 0 64 46
2019-05-13 13:38:16 ::1 GET /brokers/addBrokers - 63686 - ::1 Mozilla/5.0+(Windows+NT+6.1;+Win64;+x64;+rv:66.0)+Gecko/20100101+Firefox/66.0 http://localhost:63686/ 200 0 0 15
2019-05-13 13:38:16 ::1 GET /Scripts/modernizr-2.6.2.js - 63686 - ::1 Mozilla/5.0+(Windows+NT+6.1;+Win64;+x64;+rv:66.0)+Gecko/20100101+Firefox/66.0 http://localhost:63686/brokers/addBrokers 404 0 2 0
#Software: Microsoft Internet Information Services 10.0
#Version: 1.0
#Date: 2019-05-13 13:42:02
#Fields: date time s-ip cs-method cs-uri-stem cs-uri-query s-port cs-username c-ip cs(User-Agent) cs(Referer) sc-status sc-substatus sc-win32-status time-taken
2019-05-13 13:42:02 ::1 GET /brokers/addBrokers - 63686 - ::1 Mozilla/5.0+(Windows+NT+6.1;+Win64;+x64;+rv:66.0)+Gecko/20100101+Firefox/66.0 - 200 0 0 3278
2019-05-13 13:42:02 ::1 GET /Scripts/modernizr-2.6.2.js - 63686 - ::1 Mozilla/5.0+(Windows+NT+6.1;+Win64;+x64;+rv:66.0)+Gecko/20100101+Firefox/66.0 http://localhost:63686/brokers/addBrokers 404 0 2 31
2019-05-13 13:42:02 ::1 GET /Content/bootstrap.min.css - 63686 - ::1 Mozilla/5.0+(Windows+NT+6.1;+Win64;+x64;+rv:66.0)+Gecko/20100101+Firefox/66.0 http://localhost:63686/brokers/addBrokers 200 0 64 78
#Software: Microsoft Internet Information Services 10.0
#Version: 1.0
#Date: 2019-05-13 13:46:39
#Fields: date time s-ip cs-method cs-uri-stem cs-uri-query s-port cs-username c-ip cs(User-Agent) cs(Referer) sc-status sc-substatus sc-win32-status time-taken
2019-05-13 13:46:39 ::1 GET /brokers/addBrokers - 63686 - ::1 Mozilla/5.0+(Windows+NT+6.1;+Win64;+x64;+rv:66.0)+Gecko/20100101+Firefox/66.0 - 200 0 0 3058
2019-05-13 13:46:39 ::1 GET /Content/Site.css - 63686 - ::1 Mozilla/5.0+(Windows+NT+6.1;+Win64;+x64;+rv:66.0)+Gecko/20100101+Firefox/66.0 http://localhost:63686/brokers/addBrokers 304 0 0 15
2019-05-13 13:46:39 ::1 GET /Scripts/modernizr-2.6.2.js - 63686 - ::1 Mozilla/5.0+(Windows+NT+6.1;+Win64;+x64;+rv:66.0)+Gecko/20100101+Firefox/66.0 http://localhost:63686/brokers/addBrokers 404 0 2 15
2019-05-13 13:46:39 ::1 GET /Content/bootstrap.min.css - 63686 - ::1 Mozilla/5.0+(Windows+NT+6.1;+Win64;+x64;+rv:66.0)+Gecko/20100101+Firefox/66.0 http://localhost:63686/brokers/addBrokers 200 0 64 124
#Software: Microsoft Internet Information Services 10.0
#Version: 1.0
#Date: 2019-05-13 13:48:42
#Fields: date time s-ip cs-method cs-uri-stem cs-uri-query s-port cs-username c-ip cs(User-Agent) cs(Referer) sc-status sc-substatus sc-win32-status time-taken
2019-05-13 13:48:42 ::1 GET /brokers/addBrokers - 63686 - ::1 Mozilla/5.0+(Windows+NT+6.1;+Win64;+x64;+rv:66.0)+Gecko/20100101+Firefox/66.0 - 200 0 0 3713
2019-05-13 13:48:42 ::1 GET /Scripts/modernizr-2.6.2.js - 63686 - ::1 Mozilla/5.0+(Windows+NT+6.1;+Win64;+x64;+rv:66.0)+Gecko/20100101+Firefox/66.0 http://localhost:63686/brokers/addBrokers 404 0 2 31
2019-05-13 13:48:42 ::1 GET /Content/bootstrap.min.css - 63686 - ::1 Mozilla/5.0+(Windows+NT+6.1;+Win64;+x64;+rv:66.0)+Gecko/20100101+Firefox/66.0 http://localhost:63686/brokers/addBrokers 200 0 64 171
2019-05-13 13:48:53 ::1 GET /Content/bootstrap.min.css - 63686 - ::1 Mozilla/5.0+(Windows+NT+6.1;+Win64;+x64;+rv:66.0)+Gecko/20100101+Firefox/66.0 - 200 0 64 78
2019-05-13 13:48:55 ::1 GET /Content/bootstrap.min.css.map - 63686 - ::1 Mozilla/5.0+(Windows+NT+6.1;+Win64;+x64;+rv:66.0)+Gecko/20100101+Firefox/66.0 - 304 0 0 78
#Software: Microsoft Internet Information Services 10.0
#Version: 1.0
#Date: 2019-05-13 13:50:24
#Fields: date time s-ip cs-method cs-uri-stem cs-uri-query s-port cs-username c-ip cs(User-Agent) cs(Referer) sc-status sc-substatus sc-win32-status time-taken
2019-05-13 13:50:24 ::1 GET /brokers/addBrokers - 63686 - ::1 Mozilla/5.0+(Windows+NT+6.1;+Win64;+x64;+rv:66.0)+Gecko/20100101+Firefox/66.0 - 200 0 0 1450
2019-05-13 13:50:24 ::1 GET /Scripts/modernizr-2.6.2.js - 63686 - ::1 Mozilla/5.0+(Windows+NT+6.1;+Win64;+x64;+rv:66.0)+Gecko/20100101+Firefox/66.0 http://localhost:63686/brokers/addBrokers 404 0 2 31
2019-05-13 13:50:38 ::1 GET /Content/bootstrap.min.css.map - 63686 - ::1 Mozilla/5.0+(Windows+NT+6.1;+Win64;+x64;+rv:66.0)+Gecko/20100101+Firefox/66.0 - 304 0 0 0
#Software: Microsoft Internet Information Services 10.0
#Version: 1.0
#Date: 2019-05-13 13:52:45
#Fields: date time s-ip cs-method cs-uri-stem cs-uri-query s-port cs-username c-ip cs(User-Agent) cs(Referer) sc-status sc-substatus sc-win32-status time-taken
2019-05-13 13:52:45 ::1 GET /brokers/addBrokers - 63686 - ::1 Mozilla/5.0+(Windows+NT+6.1;+Win64;+x64;+rv:66.0)+Gecko/20100101+Firefox/66.0 - 200 0 0 1592
2019-05-13 13:52:45 ::1 GET /Scripts/modernizr-2.6.2.js - 63686 - ::1 Mozilla/5.0+(Windows+NT+6.1;+Win64;+x64;+rv:66.0)+Gecko/20100101+Firefox/66.0 http://localhost:63686/brokers/addBrokers 404 0 2 15
#Software: Microsoft Internet Information Services 10.0
#Version: 1.0
#Date: 2019-05-13 13:56:02
#Fields: date time s-ip cs-method cs-uri-stem cs-uri-query s-port cs-username c-ip cs(User-Agent) cs(Referer) sc-status sc-substatus sc-win32-status time-taken
2019-05-13 13:56:02 ::1 GET /brokers/addBrokers - 63686 - ::1 Mozilla/5.0+(Windows+NT+6.1;+Win64;+x64;+rv:66.0)+Gecko/20100101+Firefox/66.0 - 200 0 0 6256
2019-05-13 13:56:02 ::1 GET /Scripts/modernizr-2.6.2.js - 63686 - ::1 Mozilla/5.0+(Windows+NT+6.1;+Win64;+x64;+rv:66.0)+Gecko/20100101+Firefox/66.0 http://localhost:63686/brokers/addBrokers 404 0 2 15
#Software: Microsoft Internet Information Services 10.0
#Version: 1.0
#Date: 2019-05-13 14:02:24
#Fields: date time s-ip cs-method cs-uri-stem cs-uri-query s-port cs-username c-ip cs(User-Agent) cs(Referer) sc-status sc-substatus sc-win32-status time-taken
2019-05-13 14:02:24 ::1 GET /brokers/addBrokers - 63686 - ::1 Mozilla/5.0+(Windows+NT+6.1;+Win64;+x64;+rv:66.0)+Gecko/20100101+Firefox/66.0 - 200 0 0 3729
2019-05-13 14:02:24 ::1 GET /Scripts/modernizr-2.6.2.js - 63686 - ::1 Mozilla/5.0+(Windows+NT+6.1;+Win64;+x64;+rv:66.0)+Gecko/20100101+Firefox/66.0 http://localhost:63686/brokers/addBrokers 404 0 2 15
2019-05-13 14:02:24 ::1 GET /Content/Site.css - 63686 - ::1 Mozilla/5.0+(Windows+NT+6.1;+Win64;+x64;+rv:66.0)+Gecko/20100101+Firefox/66.0 http://localhost:63686/brokers/addBrokers 200 0 0 31
#Software: Microsoft Internet Information Services 10.0
#Version: 1.0
#Date: 2019-05-13 14:13:51
#Fields: date time s-ip cs-method cs-uri-stem cs-uri-query s-port cs-username c-ip cs(User-Agent) cs(Referer) sc-status sc-substatus sc-win32-status time-taken
2019-05-13 14:13:51 ::1 GET /brokers/addBrokers - 63686 - ::1 Mozilla/5.0+(Windows+NT+6.1;+Win64;+x64;+rv:66.0)+Gecko/20100101+Firefox/66.0 - 200 0 0 8504
2019-05-13 14:13:51 ::1 GET /Scripts/modernizr-2.6.2.js - 63686 - ::1 Mozilla/5.0+(Windows+NT+6.1;+Win64;+x64;+rv:66.0)+Gecko/20100101+Firefox/66.0 http://localhost:63686/brokers/addBrokers 404 0 2 15
2019-05-13 14:13:51 ::1 GET /Content/Site.css - 63686 - ::1 Mozilla/5.0+(Windows+NT+6.1;+Win64;+x64;+rv:66.0)+Gecko/20100101+Firefox/66.0 http://localhost:63686/brokers/addBrokers 200 0 0 62
#Software: Microsoft Internet Information Services 10.0
#Version: 1.0
#Date: 2019-05-13 14:16:06
#Fields: date time s-ip cs-method cs-uri-stem cs-uri-query s-port cs-username c-ip cs(User-Agent) cs(Referer) sc-status sc-substatus sc-win32-status time-taken
2019-05-13 14:16:06 ::1 GET / - 63686 - ::1 Mozilla/5.0+(Windows+NT+6.1;+Win64;+x64;+rv:66.0)+Gecko/20100101+Firefox/66.0 - 200 0 0 5695
2019-05-13 14:16:06 ::1 GET /Scripts/modernizr-2.6.2.js - 63686 - ::1 Mozilla/5.0+(Windows+NT+6.1;+Win64;+x64;+rv:66.0)+Gecko/20100101+Firefox/66.0 http://localhost:63686/ 404 0 2 15
2019-05-13 14:16:06 ::1 GET /Content/Site.css - 63686 - ::1 Mozilla/5.0+(Windows+NT+6.1;+Win64;+x64;+rv:66.0)+Gecko/20100101+Firefox/66.0 http://localhost:63686/ 200 0 64 15
2019-05-13 14:16:09 ::1 GET /brokers/addBrokers - 63686 - ::1 Mozilla/5.0+(Windows+NT+6.1;+Win64;+x64;+rv:66.0)+Gecko/20100101+Firefox/66.0 http://localhost:63686/ 200 0 0 717
2019-05-13 14:16:09 ::1 GET /Scripts/modernizr-2.6.2.js - 63686 - ::1 Mozilla/5.0+(Windows+NT+6.1;+Win64;+x64;+rv:66.0)+Gecko/20100101+Firefox/66.0 http://localhost:63686/brokers/addBrokers 404 0 2 15
2019-05-13 14:16:09 ::1 GET /Content/Site.css - 63686 - ::1 Mozilla/5.0+(Windows+NT+6.1;+Win64;+x64;+rv:66.0)+Gecko/20100101+Firefox/66.0 http://localhost:63686/brokers/addBrokers 304 0 0 15
2019-05-13 14:16:26 ::1 POST /brokers/AddBrokers - 63686 - ::1 Mozilla/5.0+(Windows+NT+6.1;+Win64;+x64;+rv:66.0)+Gecko/20100101+Firefox/66.0 http://localhost:63686/brokers/addBrokers 200 0 0 998
2019-05-13 14:17:59 ::1 GET /Content/Site.css - 63686 - ::1 Mozilla/5.0+(Windows+NT+6.1;+Win64;+x64;+rv:66.0)+Gecko/20100101+Firefox/66.0 - 200 0 64 46
2019-05-13 14:17:59 ::1 GET /Content/Site.css - 63686 - ::1 Mozilla/5.0+(Windows+NT+6.1;+Win64;+x64;+rv:66.0)+Gecko/20100101+Firefox/66.0 - 200 0 64 46
2019-05-13 14:17:59 ::1 GET /Content/bootstrap.min.css.map - 63686 - ::1 Mozilla/5.0+(Windows+NT+6.1;+Win64;+x64;+rv:66.0)+Gecko/20100101+Firefox/66.0 - 304 0 0 171
2019-05-13 14:20:35 ::1 GET /brokers/addBrokers - 63686 - ::1 Mozilla/5.0+(Windows+NT+6.1;+Win64;+x64;+rv:66.0)+Gecko/20100101+Firefox/66.0 http://localhost:63686/ 200 0 0 1107
2019-05-13 14:20:35 ::1 GET /Content/Site.css - 63686 - ::1 Mozilla/5.0+(Windows+NT+6.1;+Win64;+x64;+rv:66.0)+Gecko/20100101+Firefox/66.0 http://localhost:63686/brokers/addBrokers 304 0 0 15
2019-05-13 14:20:35 ::1 GET /Scripts/modernizr-2.6.2.js - 63686 - ::1 Mozilla/5.0+(Windows+NT+6.1;+Win64;+x64;+rv:66.0)+Gecko/20100101+Firefox/66.0 http://localhost:63686/brokers/addBrokers 404 0 2 0
2019-05-13 14:20:35 ::1 GET /Content/bootstrap.min.css - 63686 - ::1 Mozilla/5.0+(Windows+NT+6.1;+Win64;+x64;+rv:66.0)+Gecko/20100101+Firefox/66.0 http://localhost:63686/brokers/addBrokers 304 0 0 390
2019-05-13 14:20:37 ::1 GET /Scripts/bootstrap.min.js - 63686 - ::1 Mozilla/5.0+(Windows+NT+6.1;+Win64;+x64;+rv:66.0)+Gecko/20100101+Firefox/66.0 http://localhost:63686/brokers/addBrokers 304 0 0 2761
2019-05-13 14:24:28 ::1 GET /brokers/addBrokers - 63686 - ::1 Mozilla/5.0+(Windows+NT+6.1;+Win64;+x64;+rv:66.0)+Gecko/20100101+Firefox/66.0 http://localhost:63686/ 200 0 0 530
2019-05-13 14:24:28 ::1 GET /Scripts/modernizr-2.6.2.js - 63686 - ::1 Mozilla/5.0+(Windows+NT+6.1;+Win64;+x64;+rv:66.0)+Gecko/20100101+Firefox/66.0 http://localhost:63686/brokers/addBrokers 404 0 2 0
2019-05-13 14:24:28 ::1 GET /Content/bootstrap.min.css - 63686 - ::1 Mozilla/5.0+(Windows+NT+6.1;+Win64;+x64;+rv:66.0)+Gecko/20100101+Firefox/66.0 http://localhost:63686/brokers/addBrokers 304 0 0 0
2019-05-13 14:24:28 ::1 GET /Scripts/bootstrap.min.js - 63686 - ::1 Mozilla/5.0+(Windows+NT+6.1;+Win64;+x64;+rv:66.0)+Gecko/20100101+Firefox/66.0 http://localhost:63686/brokers/addBrokers 304 0 0 15
2019-05-13 14:24:28 ::1 GET /Content/Site.css - 63686 - ::1 Mozilla/5.0+(Windows+NT+6.1;+Win64;+x64;+rv:66.0)+Gecko/20100101+Firefox/66.0 http://localhost:63686/brokers/addBrokers 304 0 0 31
2019-05-13 14:25:51 ::1 GET / - 63686 - ::1 Mozilla/5.0+(Windows+NT+6.1;+Win64;+x64;+rv:66.0)+Gecko/20100101+Firefox/66.0 http://localhost:63686/brokers/addBrokers 200 0 0 0
2019-05-13 14:25:51 ::1 GET /Scripts/modernizr-2.6.2.js - 63686 - ::1 Mozilla/5.0+(Windows+NT+6.1;+Win64;+x64;+rv:66.0)+Gecko/20100101+Firefox/66.0 http://localhost:63686/ 404 0 2 0
2019-05-13 14:25:51 ::1 GET /Content/Site.css - 63686 - ::1 Mozilla/5.0+(Windows+NT+6.1;+Win64;+x64;+rv:66.0)+Gecko/20100101+Firefox/66.0 http://localhost:63686/ 200 0 64 46
2019-05-13 14:25:51 ::1 GET /Content/bootstrap.min.css - 63686 - ::1 Mozilla/5.0+(Windows+NT+6.1;+Win64;+x64;+rv:66.0)+Gecko/20100101+Firefox/66.0 http://localhost:63686/ 200 0 64 62
2019-05-13 14:25:54 ::1 GET /brokers/addBrokers - 63686 - ::1 Mozilla/5.0+(Windows+NT+6.1;+Win64;+x64;+rv:66.0)+Gecko/20100101+Firefox/66.0 http://localhost:63686/ 200 0 0 15
2019-05-13 14:25:54 ::1 GET /Scripts/modernizr-2.6.2.js - 63686 - ::1 Mozilla/5.0+(Windows+NT+6.1;+Win64;+x64;+rv:66.0)+Gecko/20100101+Firefox/66.0 http://localhost:63686/brokers/addBrokers 404 0 2 15
2019-05-13 14:27:10 ::1 GET / - 63686 - ::1 Mozilla/5.0+(Windows+NT+6.1;+Win64;+x64;+rv:66.0)+Gecko/20100101+Firefox/66.0 http://localhost:63686/brokers/addBrokers 200 0 0 0
2019-05-13 14:27:10 ::1 GET /Scripts/modernizr-2.6.2.js - 63686 - ::1 Mozilla/5.0+(Windows+NT+6.1;+Win64;+x64;+rv:66.0)+Gecko/20100101+Firefox/66.0 http://localhost:63686/ 404 0 2 0
2019-05-13 14:27:10 ::1 GET /brokers/addBrokers - 63686 - ::1 Mozilla/5.0+(Windows+NT+6.1;+Win64;+x64;+rv:66.0)+Gecko/20100101+Firefox/66.0 http://localhost:63686/ 200 0 0 0
2019-05-13 14:27:11 ::1 GET /Scripts/modernizr-2.6.2.js - 63686 - ::1 Mozilla/5.0+(Windows+NT+6.1;+Win64;+x64;+rv:66.0)+Gecko/20100101+Firefox/66.0 http://localhost:63686/brokers/addBrokers 404 0 2 31
#Software: Microsoft Internet Information Services 10.0
#Version: 1.0
#Date: 2019-05-13 18:14:04
#Fields: date time s-ip cs-method cs-uri-stem cs-uri-query s-port cs-username c-ip cs(User-Agent) cs(Referer) sc-status sc-substatus sc-win32-status time-taken
2019-05-13 18:14:04 ::1 GET / - 63686 - ::1 Mozilla/5.0+(Windows+NT+6.1;+Win64;+x64;+rv:66.0)+Gecko/20100101+Firefox/66.0 - 200 0 0 34105
2019-05-13 18:14:04 ::1 GET /Scripts/modernizr-2.6.2.js - 63686 - ::1 Mozilla/5.0+(Windows+NT+6.1;+Win64;+x64;+rv:66.0)+Gecko/20100101+Firefox/66.0 http://localhost:63686/ 404 0 2 38
2019-05-13 18:14:04 ::1 GET /Content/Site.css - 63686 - ::1 Mozilla/5.0+(Windows+NT+6.1;+Win64;+x64;+rv:66.0)+Gecko/20100101+Firefox/66.0 http://localhost:63686/ 304 0 0 222
2019-05-13 18:14:08 ::1 GET /brokers/addBrokers - 63686 - ::1 Mozilla/5.0+(Windows+NT+6.1;+Win64;+x64;+rv:66.0)+Gecko/20100101+Firefox/66.0 http://localhost:63686/ 404 0 0 180
#Software: Microsoft Internet Information Services 10.0
#Version: 1.0
#Date: 2019-05-13 18:16:04
#Fields: date time s-ip cs-method cs-uri-stem cs-uri-query s-port cs-username c-ip cs(User-Agent) cs(Referer) sc-status sc-substatus sc-win32-status time-taken
2019-05-13 18:16:04 ::1 GET / - 63686 - ::1 Mozilla/5.0+(Windows+NT+6.1;+Win64;+x64;+rv:66.0)+Gecko/20100101+Firefox/66.0 - 200 0 0 14670
2019-05-13 18:16:04 ::1 GET /Scripts/modernizr-2.6.2.js - 63686 - ::1 Mozilla/5.0+(Windows+NT+6.1;+Win64;+x64;+rv:66.0)+Gecko/20100101+Firefox/66.0 http://localhost:63686/ 404 0 2 40
2019-05-13 18:16:07 ::1 GET /brokers/AddBrokers - 63686 - ::1 Mozilla/5.0+(Windows+NT+6.1;+Win64;+x64;+rv:66.0)+Gecko/20100101+Firefox/66.0 http://localhost:63686/ 404 0 0 271
#Software: Microsoft Internet Information Services 10.0
#Version: 1.0
#Date: 2019-05-13 18:17:09
#Fields: date time s-ip cs-method cs-uri-stem cs-uri-query s-port cs-username c-ip cs(User-Agent) cs(Referer) sc-status sc-substatus sc-win32-status time-taken
2019-05-13 18:17:09 ::1 GET /brokers/addBrokers - 63686 - ::1 Mozilla/5.0+(Windows+NT+6.1;+Win64;+x64;+rv:66.0)+Gecko/20100101+Firefox/66.0 - 404 0 0 1837
#Software: Microsoft Internet Information Services 10.0
#Version: 1.0
#Date: 2019-05-13 18:20:35
#Fields: date time s-ip cs-method cs-uri-stem cs-uri-query s-port cs-username c-ip cs(User-Agent) cs(Referer) sc-status sc-substatus sc-win32-status time-taken
2019-05-13 18:20:35 ::1 GET / - 63686 - ::1 Mozilla/5.0+(Windows+NT+6.1;+Win64;+x64;+rv:66.0)+Gecko/20100101+Firefox/66.0 - 200 0 0 17428
2019-05-13 18:20:35 ::1 GET /Scripts/modernizr-2.6.2.js - 63686 - ::1 Mozilla/5.0+(Windows+NT+6.1;+Win64;+x64;+rv:66.0)+Gecko/20100101+Firefox/66.0 http://localhost:63686/ 404 0 2 40
2019-05-13 18:21:03 ::1 GET /brokers/listBrokers - 63686 - ::1 Mozilla/5.0+(Windows+NT+6.1;+Win64;+x64;+rv:66.0)+Gecko/20100101+Firefox/66.0 http://localhost:63686/ 200 0 64 4669
2019-05-13 18:21:03 ::1 GET /brokers/listBrokers - 63686 - ::1 Mozilla/5.0+(Windows+NT+6.1;+Win64;+x64;+rv:66.0)+Gecko/20100101+Firefox/66.0 http://localhost:63686/ 200 0 0 4606
2019-05-13 18:21:03 ::1 GET /Scripts/modernizr-2.6.2.js - 63686 - ::1 Mozilla/5.0+(Windows+NT+6.1;+Win64;+x64;+rv:66.0)+Gecko/20100101+Firefox/66.0 http://localhost:63686/brokers/listBrokers 404 0 2 11
2019-05-13 18:21:15 ::1 GET /brokers/Details/1 - 63686 - ::1 Mozilla/5.0+(Windows+NT+6.1;+Win64;+x64;+rv:66.0)+Gecko/20100101+Firefox/66.0 http://localhost:63686/brokers/listBrokers 404 0 0 153
2019-05-13 18:21:19 ::1 GET / - 63686 - ::1 Mozilla/5.0+(Windows+NT+6.1;+Win64;+x64;+rv:66.0)+Gecko/20100101+Firefox/66.0 http://localhost:63686/brokers/listBrokers 200 0 0 12
2019-05-13 18:21:19 ::1 GET /Scripts/modernizr-2.6.2.js - 63686 - ::1 Mozilla/5.0+(Windows+NT+6.1;+Win64;+x64;+rv:66.0)+Gecko/20100101+Firefox/66.0 http://localhost:63686/ 404 0 2 50
2019-05-13 18:21:20 ::1 GET /brokers/addBrokers - 63686 - ::1 Mozilla/5.0+(Windows+NT+6.1;+Win64;+x64;+rv:66.0)+Gecko/20100101+Firefox/66.0 http://localhost:63686/ 404 0 0 19
#Software: Microsoft Internet Information Services 10.0
#Version: 1.0
#Date: 2019-05-13 18:24:16
#Fields: date time s-ip cs-method cs-uri-stem cs-uri-query s-port cs-username c-ip cs(User-Agent) cs(Referer) sc-status sc-substatus sc-win32-status time-taken
2019-05-13 18:24:16 ::1 GET / - 63686 - ::1 Mozilla/5.0+(Windows+NT+6.1;+Win64;+x64;+rv:66.0)+Gecko/20100101+Firefox/66.0 - 200 0 0 6629
2019-05-13 18:24:16 ::1 GET /Scripts/modernizr-2.6.2.js - 63686 - ::1 Mozilla/5.0+(Windows+NT+6.1;+Win64;+x64;+rv:66.0)+Gecko/20100101+Firefox/66.0 http://localhost:63686/ 404 0 2 30
2019-05-13 18:24:19 ::1 GET /brokers/addBrokers - 63686 - ::1 Mozilla/5.0+(Windows+NT+6.1;+Win64;+x64;+rv:66.0)+Gecko/20100101+Firefox/66.0 http://localhost:63686/ 404 0 0 121
2019-05-13 18:24:26 ::1 GET /brokers/listBrokers - 63686 - ::1 Mozilla/5.0+(Windows+NT+6.1;+Win64;+x64;+rv:66.0)+Gecko/20100101+Firefox/66.0 http://localhost:63686/ 200 0 0 658
2019-05-13 18:24:26 ::1 GET /Scripts/modernizr-2.6.2.js - 63686 - ::1 Mozilla/5.0+(Windows+NT+6.1;+Win64;+x64;+rv:66.0)+Gecko/20100101+Firefox/66.0 http://localhost:63686/brokers/listBrokers 404 0 2 16
2019-05-13 18:24:30 ::1 GET /brokers/Create - 63686 - ::1 Mozilla/5.0+(Windows+NT+6.1;+Win64;+x64;+rv:66.0)+Gecko/20100101+Firefox/66.0 http://localhost:63686/brokers/listBrokers 404 0 0 18
2019-05-13 18:24:34 ::1 GET /brokers/addBrokers - 63686 - ::1 Mozilla/5.0+(Windows+NT+6.1;+Win64;+x64;+rv:66.0)+Gecko/20100101+Firefox/66.0 http://localhost:63686/brokers/listBrokers 404 0 0 25
2019-05-13 18:24:43 ::1 GET /brokers/listBrokers - 63686 - ::1 Mozilla/5.0+(Windows+NT+6.1;+Win64;+x64;+rv:66.0)+Gecko/20100101+Firefox/66.0 http://localhost:63686/brokers/listBrokers 200 0 0 96
2019-05-13 18:24:43 ::1 GET /Scripts/modernizr-2.6.2.js - 63686 - ::1 Mozilla/5.0+(Windows+NT+6.1;+Win64;+x64;+rv:66.0)+Gecko/20100101+Firefox/66.0 http://localhost:63686/brokers/listBrokers 404 0 2 31
#Software: Microsoft Internet Information Services 10.0
#Version: 1.0
#Date: 2019-05-13 18:26:33
#Fields: date time s-ip cs-method cs-uri-stem cs-uri-query s-port cs-username c-ip cs(User-Agent) cs(Referer) sc-status sc-substatus sc-win32-status time-taken
2019-05-13 18:26:33 ::1 GET /brokers/addBrokers - 63686 - ::1 Mozilla/5.0+(Windows+NT+6.1;+Win64;+x64;+rv:66.0)+Gecko/20100101+Firefox/66.0 - 404 0 0 2214
#Software: Microsoft Internet Information Services 10.0
#Version: 1.0
#Date: 2019-05-13 18:28:31
#Fields: date time s-ip cs-method cs-uri-stem cs-uri-query s-port cs-username c-ip cs(User-Agent) cs(Referer) sc-status sc-substatus sc-win32-status time-taken
2019-05-13 18:28:31 ::1 GET / - 63686 - ::1 Mozilla/5.0+(Windows+NT+6.1;+Win64;+x64;+rv:66.0)+Gecko/20100101+Firefox/66.0 - 200 0 0 5293
2019-05-13 18:28:31 ::1 GET /Scripts/modernizr-2.6.2.js - 63686 - ::1 Mozilla/5.0+(Windows+NT+6.1;+Win64;+x64;+rv:66.0)+Gecko/20100101+Firefox/66.0 http://localhost:63686/ 404 0 2 35
2019-05-13 18:28:35 ::1 GET /brokers/listBrokers - 63686 - ::1 Mozilla/5.0+(Windows+NT+6.1;+Win64;+x64;+rv:66.0)+Gecko/20100101+Firefox/66.0 http://localhost:63686/ 200 0 64 692
2019-05-13 18:28:35 ::1 GET /brokers/listBrokers - 63686 - ::1 Mozilla/5.0+(Windows+NT+6.1;+Win64;+x64;+rv:66.0)+Gecko/20100101+Firefox/66.0 http://localhost:63686/ 200 0 0 490
2019-05-13 18:28:35 ::1 GET /Scripts/modernizr-2.6.2.js - 63686 - ::1 Mozilla/5.0+(Windows+NT+6.1;+Win64;+x64;+rv:66.0)+Gecko/20100101+Firefox/66.0 http://localhost:63686/brokers/listBrokers 404 0 2 45
2019-05-13 18:28:37 ::1 GET / - 63686 - ::1 Mozilla/5.0+(Windows+NT+6.1;+Win64;+x64;+rv:66.0)+Gecko/20100101+Firefox/66.0 http://localhost:63686/brokers/listBrokers 200 0 0 3
2019-05-13 18:28:37 ::1 GET /Scripts/modernizr-2.6.2.js - 63686 - ::1 Mozilla/5.0+(Windows+NT+6.1;+Win64;+x64;+rv:66.0)+Gecko/20100101+Firefox/66.0 http://localhost:63686/ 404 0 2 32
2019-05-13 18:28:39 ::1 GET /brokers/addBrokers - 63686 - ::1 Mozilla/5.0+(Windows+NT+6.1;+Win64;+x64;+rv:66.0)+Gecko/20100101+Firefox/66.0 http://localhost:63686/ 404 0 0 32
2019-05-13 18:29:43 ::1 GET /brokers/addBrokers - 63686 - ::1 Mozilla/5.0+(Windows+NT+6.1;+Win64;+x64;+rv:66.0)+Gecko/20100101+Firefox/66.0 http://localhost:63686/ 404 0 0 24
#Software: Microsoft Internet Information Services 10.0
#Version: 1.0
#Date: 2019-05-13 18:30:04
#Fields: date time s-ip cs-method cs-uri-stem cs-uri-query s-port cs-username c-ip cs(User-Agent) cs(Referer) sc-status sc-substatus sc-win32-status time-taken
2019-05-13 18:30:04 ::1 GET /brokers/addBrokers - 63686 - ::1 Mozilla/5.0+(Windows+NT+6.1;+Win64;+x64;+rv:66.0)+Gecko/20100101+Firefox/66.0 - 404 0 0 2236
#Software: Microsoft Internet Information Services 10.0
#Version: 1.0
#Date: 2019-05-13 18:33:08
#Fields: date time s-ip cs-method cs-uri-stem cs-uri-query s-port cs-username c-ip cs(User-Agent) cs(Referer) sc-status sc-substatus sc-win32-status time-taken
2019-05-13 18:33:08 ::1 GET / - 63686 - ::1 Mozilla/5.0+(Windows+NT+6.1;+Win64;+x64;+rv:66.0)+Gecko/20100101+Firefox/66.0 - 200 0 0 3375
2019-05-13 18:33:08 ::1 GET /Scripts/modernizr-2.6.2.js - 63686 - ::1 Mozilla/5.0+(Windows+NT+6.1;+Win64;+x64;+rv:66.0)+Gecko/20100101+Firefox/66.0 http://localhost:63686/ 404 0 2 14
2019-05-13 18:33:13 ::1 GET /brokers/listBrokers - 63686 - ::1 Mozilla/5.0+(Windows+NT+6.1;+Win64;+x64;+rv:66.0)+Gecko/20100101+Firefox/66.0 http://localhost:63686/ 200 0 0 572
2019-05-13 18:33:13 ::1 GET /Scripts/modernizr-2.6.2.js - 63686 - ::1 Mozilla/5.0+(Windows+NT+6.1;+Win64;+x64;+rv:66.0)+Gecko/20100101+Firefox/66.0 http://localhost:63686/brokers/listBrokers 404 0 2 30
2019-05-13 18:33:15 ::1 GET / - 63686 - ::1 Mozilla/5.0+(Windows+NT+6.1;+Win64;+x64;+rv:66.0)+Gecko/20100101+Firefox/66.0 http://localhost:63686/brokers/listBrokers 200 0 0 4
2019-05-13 18:33:15 ::1 GET /Scripts/modernizr-2.6.2.js - 63686 - ::1 Mozilla/5.0+(Windows+NT+6.1;+Win64;+x64;+rv:66.0)+Gecko/20100101+Firefox/66.0 http://localhost:63686/ 404 0 2 34
2019-05-13 18:33:21 ::1 GET /brokers/addBrokers - 63686 - ::1 Mozilla/5.0+(Windows+NT+6.1;+Win64;+x64;+rv:66.0)+Gecko/20100101+Firefox/66.0 http://localhost:63686/ 404 0 0 38
#Software: Microsoft Internet Information Services 10.0
#Version: 1.0
#Date: 2019-05-13 18:39:19
#Fields: date time s-ip cs-method cs-uri-stem cs-uri-query s-port cs-username c-ip cs(User-Agent) cs(Referer) sc-status sc-substatus sc-win32-status time-taken
2019-05-13 18:39:19 ::1 GET / - 63686 - ::1 Mozilla/5.0+(Windows+NT+6.1;+Win64;+x64;+rv:66.0)+Gecko/20100101+Firefox/66.0 - 200 0 0 8848
2019-05-13 18:39:19 ::1 GET /Scripts/modernizr-2.6.2.js - 63686 - ::1 Mozilla/5.0+(Windows+NT+6.1;+Win64;+x64;+rv:66.0)+Gecko/20100101+Firefox/66.0 http://localhost:63686/ 404 0 2 80
2019-05-13 18:39:31 ::1 GET /brokers/listBrokers - 63686 - ::1 Mozilla/5.0+(Windows+NT+6.1;+Win64;+x64;+rv:66.0)+Gecko/20100101+Firefox/66.0 http://localhost:63686/ 200 0 0 6922
2019-05-13 18:39:31 ::1 GET /Scripts/modernizr-2.6.2.js - 63686 - ::1 Mozilla/5.0+(Windows+NT+6.1;+Win64;+x64;+rv:66.0)+Gecko/20100101+Firefox/66.0 http://localhost:63686/brokers/listBrokers 404 0 2 10
2019-05-13 18:39:33 ::1 GET / - 63686 - ::1 Mozilla/5.0+(Windows+NT+6.1;+Win64;+x64;+rv:66.0)+Gecko/20100101+Firefox/66.0 http://localhost:63686/brokers/listBrokers 200 0 0 0
2019-05-13 18:39:33 ::1 GET /Scripts/modernizr-2.6.2.js - 63686 - ::1 Mozilla/5.0+(Windows+NT+6.1;+Win64;+x64;+rv:66.0)+Gecko/20100101+Firefox/66.0 http://localhost:63686/ 404 0 2 10
2019-05-13 18:39:34 ::1 GET /brokers/addBrokers - 63686 - ::1 Mozilla/5.0+(Windows+NT+6.1;+Win64;+x64;+rv:66.0)+Gecko/20100101+Firefox/66.0 http://localhost:63686/ 404 0 0 240
#Software: Microsoft Internet Information Services 10.0
#Version: 1.0
#Date: 2019-05-13 18:41:43
#Fields: date time s-ip cs-method cs-uri-stem cs-uri-query s-port cs-username c-ip cs(User-Agent) cs(Referer) sc-status sc-substatus sc-win32-status time-taken
2019-05-13 18:41:43 ::1 GET / - 63686 - ::1 Mozilla/5.0+(Windows+NT+6.1;+Win64;+x64;+rv:66.0)+Gecko/20100101+Firefox/66.0 - 200 0 0 7449
2019-05-13 18:41:43 ::1 GET /Scripts/modernizr-2.6.2.js - 63686 - ::1 Mozilla/5.0+(Windows+NT+6.1;+Win64;+x64;+rv:66.0)+Gecko/20100101+Firefox/66.0 http://localhost:63686/ 404 0 2 21
2019-05-13 18:41:43 ::1 GET /Content/Site.css - 63686 - ::1 Mozilla/5.0+(Windows+NT+6.1;+Win64;+x64;+rv:66.0)+Gecko/20100101+Firefox/66.0 http://localhost:63686/ 200 0 0 129
2019-05-13 18:41:46 ::1 GET /brokers/WebApplication1 - 63686 - ::1 Mozilla/5.0+(Windows+NT+6.1;+Win64;+x64;+rv:66.0)+Gecko/20100101+Firefox/66.0 http://localhost:63686/ 404 0 0 51
#Software: Microsoft Internet Information Services 10.0
#Version: 1.0
#Date: 2019-05-13 18:45:15
#Fields: date time s-ip cs-method cs-uri-stem cs-uri-query s-port cs-username c-ip cs(User-Agent) cs(Referer) sc-status sc-substatus sc-win32-status time-taken
2019-05-13 18:45:15 ::1 GET /brokers/addBrokers - 63686 - ::1 Mozilla/5.0+(Windows+NT+6.1;+Win64;+x64;+rv:66.0)+Gecko/20100101+Firefox/66.0 - 404 0 0 6590
#Software: Microsoft Internet Information Services 10.0
#Version: 1.0
#Date: 2019-05-13 18:50:00
#Fields: date time s-ip cs-method cs-uri-stem cs-uri-query s-port cs-username c-ip cs(User-Agent) cs(Referer) sc-status sc-substatus sc-win32-status time-taken
2019-05-13 18:50:00 ::1 GET / - 63686 - ::1 Mozilla/5.0+(Windows+NT+6.1;+Win64;+x64;+rv:66.0)+Gecko/20100101+Firefox/66.0 - 200 0 0 6904
2019-05-13 18:50:00 ::1 GET /Scripts/modernizr-2.6.2.js - 63686 - ::1 Mozilla/5.0+(Windows+NT+6.1;+Win64;+x64;+rv:66.0)+Gecko/20100101+Firefox/66.0 http://localhost:63686/ 404 0 2 20
2019-05-13 18:50:00 ::1 GET /Content/Site.css - 63686 - ::1 Mozilla/5.0+(Windows+NT+6.1;+Win64;+x64;+rv:66.0)+Gecko/20100101+Firefox/66.0 http://localhost:63686/ 304 0 0 70
2019-05-13 18:50:03 ::1 GET /brokers/addBrokers - 63686 - ::1 Mozilla/5.0+(Windows+NT+6.1;+Win64;+x64;+rv:66.0)+Gecko/20100101+Firefox/66.0 http://localhost:63686/ 404 0 0 85
#Software: Microsoft Internet Information Services 10.0
#Version: 1.0
#Date: 2019-05-13 18:52:05
#Fields: date time s-ip cs-method cs-uri-stem cs-uri-query s-port cs-username c-ip cs(User-Agent) cs(Referer) sc-status sc-substatus sc-win32-status time-taken
2019-05-13 18:52:05 ::1 GET /brokers/addBrokers - 63686 - ::1 Mozilla/5.0+(Windows+NT+6.1;+Win64;+x64;+rv:66.0)+Gecko/20100101+Firefox/66.0 - 404 0 0 3420
#Software: Microsoft Internet Information Services 10.0
#Version: 1.0
#Date: 2019-05-13 18:55:19
#Fields: date time s-ip cs-method cs-uri-stem cs-uri-query s-port cs-username c-ip cs(User-Agent) cs(Referer) sc-status sc-substatus sc-win32-status time-taken
2019-05-13 18:55:19 ::1 GET / - 63686 - ::1 Mozilla/5.0+(Windows+NT+6.1;+Win64;+x64;+rv:66.0)+Gecko/20100101+Firefox/66.0 - 200 0 0 3729
2019-05-13 18:55:19 ::1 GET /Scripts/modernizr-2.6.2.js - 63686 - ::1 Mozilla/5.0+(Windows+NT+6.1;+Win64;+x64;+rv:66.0)+Gecko/20100101+Firefox/66.0 http://localhost:63686/ 404 0 2 35
2019-05-13 18:55:28 ::1 GET /brokers/listBrokers - 63686 - ::1 Mozilla/5.0+(Windows+NT+6.1;+Win64;+x64;+rv:66.0)+Gecko/20100101+Firefox/66.0 http://localhost:63686/ 200 0 0 2770
2019-05-13 18:55:28 ::1 GET /Scripts/modernizr-2.6.2.js - 63686 - ::1 Mozilla/5.0+(Windows+NT+6.1;+Win64;+x64;+rv:66.0)+Gecko/20100101+Firefox/66.0 http://localhost:63686/brokers/listBrokers 404 0 2 30
2019-05-13 18:55:53 ::1 GET /brokers/addBrokers - 63686 - ::1 Mozilla/5.0+(Windows+NT+6.1;+Win64;+x64;+rv:66.0)+Gecko/20100101+Firefox/66.0 http://localhost:63686/brokers/listBrokers 404 0 0 20
#Software: Microsoft Internet Information Services 10.0
#Version: 1.0
#Date: 2019-05-13 18:59:46
#Fields: date time s-ip cs-method cs-uri-stem cs-uri-query s-port cs-username c-ip cs(User-Agent) cs(Referer) sc-status sc-substatus sc-win32-status time-taken
2019-05-13 18:59:46 ::1 GET / - 63686 - ::1 Mozilla/5.0+(Windows+NT+6.1;+Win64;+x64;+rv:66.0)+Gecko/20100101+Firefox/66.0 - 200 0 0 2095
2019-05-13 18:59:46 ::1 GET /Scripts/modernizr-2.6.2.js - 63686 - ::1 Mozilla/5.0+(Windows+NT+6.1;+Win64;+x64;+rv:66.0)+Gecko/20100101+Firefox/66.0 http://localhost:63686/ 404 0 2 20
2019-05-13 18:59:48 ::1 GET /brokers/addBrokers - 63686 - ::1 Mozilla/5.0+(Windows+NT+6.1;+Win64;+x64;+rv:66.0)+Gecko/20100101+Firefox/66.0 http://localhost:63686/ 404 0 0 60
#Software: Microsoft Internet Information Services 10.0
#Version: 1.0
#Date: 2019-05-13 19:07:50
#Fields: date time s-ip cs-method cs-uri-stem cs-uri-query s-port cs-username c-ip cs(User-Agent) cs(Referer) sc-status sc-substatus sc-win32-status time-taken
2019-05-13 19:07:50 ::1 GET / - 63686 - ::1 Mozilla/5.0+(Windows+NT+6.1;+Win64;+x64;+rv:66.0)+Gecko/20100101+Firefox/66.0 - 200 0 0 2054
2019-05-13 19:07:50 ::1 GET /Scripts/modernizr-2.6.2.js - 63686 - ::1 Mozilla/5.0+(Windows+NT+6.1;+Win64;+x64;+rv:66.0)+Gecko/20100101+Firefox/66.0 http://localhost:63686/ 404 0 2 30
2019-05-13 19:07:55 ::1 GET /brokers/listBrokers - 63686 - ::1 Mozilla/5.0+(Windows+NT+6.1;+Win64;+x64;+rv:66.0)+Gecko/20100101+Firefox/66.0 http://localhost:63686/ 200 0 0 1572
2019-05-13 19:07:55 ::1 GET /Scripts/modernizr-2.6.2.js - 63686 - ::1 Mozilla/5.0+(Windows+NT+6.1;+Win64;+x64;+rv:66.0)+Gecko/20100101+Firefox/66.0 http://localhost:63686/brokers/listBrokers 404 0 2 10
2019-05-13 19:08:00 ::1 GET /brokers/addBrokers - 63686 - ::1 Mozilla/5.0+(Windows+NT+6.1;+Win64;+x64;+rv:66.0)+Gecko/20100101+Firefox/66.0 http://localhost:63686/brokers/listBrokers 404 0 0 40
2019-05-13 19:08:07 ::1 GET /brokers/listBrokers - 63686 - ::1 Mozilla/5.0+(Windows+NT+6.1;+Win64;+x64;+rv:66.0)+Gecko/20100101+Firefox/66.0 http://localhost:63686/brokers/listBrokers 200 0 0 60
2019-05-13 19:08:07 ::1 GET /Scripts/modernizr-2.6.2.js - 63686 - ::1 Mozilla/5.0+(Windows+NT+6.1;+Win64;+x64;+rv:66.0)+Gecko/20100101+Firefox/66.0 http://localhost:63686/brokers/listBrokers 404 0 2 20
2019-05-13 19:08:09 ::1 GET / - 63686 - ::1 Mozilla/5.0+(Windows+NT+6.1;+Win64;+x64;+rv:66.0)+Gecko/20100101+Firefox/66.0 http://localhost:63686/brokers/listBrokers 200 0 0 0
2019-05-13 19:08:09 ::1 GET /Scripts/modernizr-2.6.2.js - 63686 - ::1 Mozilla/5.0+(Windows+NT+6.1;+Win64;+x64;+rv:66.0)+Gecko/20100101+Firefox/66.0 http://localhost:63686/ 404 0 2 40
2019-05-13 19:08:13 ::1 GET /brokers/addBrokers - 63686 - ::1 Mozilla/5.0+(Windows+NT+6.1;+Win64;+x64;+rv:66.0)+Gecko/20100101+Firefox/66.0 http://localhost:63686/ 404 0 0 10
2019-05-13 19:08:20 ::1 GET /brokers/listBrokers - 63686 - ::1 Mozilla/5.0+(Windows+NT+6.1;+Win64;+x64;+rv:66.0)+Gecko/20100101+Firefox/66.0 http://localhost:63686/ 200 0 0 10
2019-05-13 19:08:20 ::1 GET /Scripts/modernizr-2.6.2.js - 63686 - ::1 Mozilla/5.0+(Windows+NT+6.1;+Win64;+x64;+rv:66.0)+Gecko/20100101+Firefox/66.0 http://localhost:63686/brokers/listBrokers 404 0 2 10
2019-05-13 19:08:29 ::1 GET /brokers/addBrokers - 63686 - ::1 Mozilla/5.0+(Windows+NT+6.1;+Win64;+x64;+rv:66.0)+Gecko/20100101+Firefox/66.0 http://localhost:63686/brokers/listBrokers 404 0 0 0
2019-05-13 19:08:34 ::1 GET /brokers/listBrokers - 63686 - ::1 Mozilla/5.0+(Windows+NT+6.1;+Win64;+x64;+rv:66.0)+Gecko/20100101+Firefox/66.0 http://localhost:63686/brokers/listBrokers 200 0 0 10
2019-05-13 19:08:34 ::1 GET /Scripts/modernizr-2.6.2.js - 63686 - ::1 Mozilla/5.0+(Windows+NT+6.1;+Win64;+x64;+rv:66.0)+Gecko/20100101+Firefox/66.0 http://localhost:63686/brokers/listBrokers 404 0 2 20
2019-05-13 19:08:36 ::1 GET /brokers/addBrokers - 63686 - ::1 Mozilla/5.0+(Windows+NT+6.1;+Win64;+x64;+rv:66.0)+Gecko/20100101+Firefox/66.0 http://localhost:63686/brokers/listBrokers 404 0 0 0
#Software: Microsoft Internet Information Services 10.0
#Version: 1.0
#Date: 2019-05-13 19:09:47
#Fields: date time s-ip cs-method cs-uri-stem cs-uri-query s-port cs-username c-ip cs(User-Agent) cs(Referer) sc-status sc-substatus sc-win32-status time-taken
2019-05-13 19:09:47 ::1 GET / - 63686 - ::1 Mozilla/5.0+(Windows+NT+6.1;+Win64;+x64;+rv:66.0)+Gecko/20100101+Firefox/66.0 - 200 0 0 3385
2019-05-13 19:09:47 ::1 GET /Scripts/modernizr-2.6.2.js - 63686 - ::1 Mozilla/5.0+(Windows+NT+6.1;+Win64;+x64;+rv:66.0)+Gecko/20100101+Firefox/66.0 http://localhost:63686/ 404 0 2 41
2019-05-13 19:09:54 ::1 GET /brokers/listBrokers - 63686 - ::1 Mozilla/5.0+(Windows+NT+6.1;+Win64;+x64;+rv:66.0)+Gecko/20100101+Firefox/66.0 http://localhost:63686/ 200 0 0 1769
2019-05-13 19:09:54 ::1 GET /Scripts/modernizr-2.6.2.js - 63686 - ::1 Mozilla/5.0+(Windows+NT+6.1;+Win64;+x64;+rv:66.0)+Gecko/20100101+Firefox/66.0 http://localhost:63686/brokers/listBrokers 404 0 2 20
2019-05-13 19:09:57 ::1 GET / - 63686 - ::1 Mozilla/5.0+(Windows+NT+6.1;+Win64;+x64;+rv:66.0)+Gecko/20100101+Firefox/66.0 http://localhost:63686/brokers/listBrokers 200 0 0 7
2019-05-13 19:09:57 ::1 GET /Scripts/modernizr-2.6.2.js - 63686 - ::1 Mozilla/5.0+(Windows+NT+6.1;+Win64;+x64;+rv:66.0)+Gecko/20100101+Firefox/66.0 http://localhost:63686/ 404 0 2 5
#Software: Microsoft Internet Information Services 10.0
#Version: 1.0
#Date: 2019-05-13 19:10:50
#Fields: date time s-ip cs-method cs-uri-stem cs-uri-query s-port cs-username c-ip cs(User-Agent) cs(Referer) sc-status sc-substatus sc-win32-status time-taken
2019-05-13 19:10:50 ::1 GET / - 63686 - ::1 Mozilla/5.0+(Windows+NT+6.1;+Win64;+x64;+rv:66.0)+Gecko/20100101+Firefox/66.0 - 200 0 0 3298
2019-05-13 19:10:50 ::1 GET /Scripts/modernizr-2.6.2.js - 63686 - ::1 Mozilla/5.0+(Windows+NT+6.1;+Win64;+x64;+rv:66.0)+Gecko/20100101+Firefox/66.0 http://localhost:63686/ 404 0 2 42
2019-05-13 19:10:54 ::1 GET /brokers/addBrokers - 63686 - ::1 Mozilla/5.0+(Windows+NT+6.1;+Win64;+x64;+rv:66.0)+Gecko/20100101+Firefox/66.0 http://localhost:63686/ 404 0 0 50
2019-05-13 19:10:59 ::1 GET /brokers/listBrokers - 63686 - ::1 Mozilla/5.0+(Windows+NT+6.1;+Win64;+x64;+rv:66.0)+Gecko/20100101+Firefox/66.0 http://localhost:63686/ 200 0 0 660
2019-05-13 19:10:59 ::1 GET /Scripts/modernizr-2.6.2.js - 63686 - ::1 Mozilla/5.0+(Windows+NT+6.1;+Win64;+x64;+rv:66.0)+Gecko/20100101+Firefox/66.0 http://localhost:63686/brokers/listBrokers 404 0 2 24
2019-05-13 19:11:08 ::1 GET /brokers/addBrokers - 63686 - ::1 Mozilla/5.0+(Windows+NT+6.1;+Win64;+x64;+rv:66.0)+Gecko/20100101+Firefox/66.0 http://localhost:63686/brokers/listBrokers 404 0 0 20
#Software: Microsoft Internet Information Services 10.0
#Version: 1.0
#Date: 2019-05-13 19:15:53
#Fields: date time s-ip cs-method cs-uri-stem cs-uri-query s-port cs-username c-ip cs(User-Agent) cs(Referer) sc-status sc-substatus sc-win32-status time-taken
2019-05-13 19:15:53 ::1 GET / - 63686 - ::1 Mozilla/5.0+(Windows+NT+6.1;+Win64;+x64;+rv:66.0)+Gecko/20100101+Firefox/66.0 - 200 0 0 7550
2019-05-13 19:15:53 ::1 GET /Scripts/modernizr-2.6.2.js - 63686 - ::1 Mozilla/5.0+(Windows+NT+6.1;+Win64;+x64;+rv:66.0)+Gecko/20100101+Firefox/66.0 http://localhost:63686/ 404 0 2 5
2019-05-13 19:15:53 ::1 GET /Content/Site.css - 63686 - ::1 Mozilla/5.0+(Windows+NT+6.1;+Win64;+x64;+rv:66.0)+Gecko/20100101+Firefox/66.0 http://localhost:63686/ 200 0 64 21
2019-05-13 19:15:53 ::1 GET /favicon.ico - 63686 - ::1 Mozilla/5.0+(Windows+NT+6.1;+Win64;+x64;+rv:66.0)+Gecko/20100101+Firefox/66.0 - 404 0 64 49
2019-05-13 19:15:53 ::1 GET /Content/bootstrap.min.css - 63686 - ::1 Mozilla/5.0+(Windows+NT+6.1;+Win64;+x64;+rv:66.0)+Gecko/20100101+Firefox/66.0 http://localhost:63686/ 200 0 64 410
2019-05-13 19:16:02 ::1 GET /brokers/listBrokers - 63686 - ::1 Mozilla/5.0+(Windows+NT+6.1;+Win64;+x64;+rv:66.0)+Gecko/20100101+Firefox/66.0 http://localhost:63686/ 200 0 0 1235
2019-05-13 19:16:02 ::1 GET /Scripts/modernizr-2.6.2.js - 63686 - ::1 Mozilla/5.0+(Windows+NT+6.1;+Win64;+x64;+rv:66.0)+Gecko/20100101+Firefox/66.0 http://localhost:63686/brokers/listBrokers 404 0 2 29
2019-05-13 19:16:09 ::1 GET /brokers/Details/1 - 63686 - ::1 Mozilla/5.0+(Windows+NT+6.1;+Win64;+x64;+rv:66.0)+Gecko/20100101+Firefox/66.0 http://localhost:63686/brokers/listBrokers 404 0 0 18
2019-05-13 19:16:13 ::1 GET /brokers/Create - 63686 - ::1 Mozilla/5.0+(Windows+NT+6.1;+Win64;+x64;+rv:66.0)+Gecko/20100101+Firefox/66.0 http://localhost:63686/brokers/listBrokers 404 0 0 7
2019-05-13 19:16:19 ::1 GET /brokers/addBrokers - 63686 - ::1 Mozilla/5.0+(Windows+NT+6.1;+Win64;+x64;+rv:66.0)+Gecko/20100101+Firefox/66.0 http://localhost:63686/brokers/listBrokers 404 0 0 6
#Software: Microsoft Internet Information Services 10.0
#Version: 1.0
#Date: 2019-05-13 19:24:39
#Fields: date time s-ip cs-method cs-uri-stem cs-uri-query s-port cs-username c-ip cs(User-Agent) cs(Referer) sc-status sc-substatus sc-win32-status time-taken
2019-05-13 19:24:39 ::1 GET / - 63686 - ::1 Mozilla/5.0+(Windows+NT+6.1;+Win64;+x64;+rv:66.0)+Gecko/20100101+Firefox/66.0 - 200 0 0 3339
2019-05-13 19:24:39 ::1 GET /Scripts/modernizr-2.6.2.js - 63686 - ::1 Mozilla/5.0+(Windows+NT+6.1;+Win64;+x64;+rv:66.0)+Gecko/20100101+Firefox/66.0 http://localhost:63686/ 404 0 2 15
2019-05-13 19:24:39 ::1 GET /Content/Site.css - 63686 - ::1 Mozilla/5.0+(Windows+NT+6.1;+Win64;+x64;+rv:66.0)+Gecko/20100101+Firefox/66.0 http://localhost:63686/ 200 0 0 62
2019-05-13 19:24:39 ::1 GET /Content/bootstrap.min.css - 63686 - ::1 Mozilla/5.0+(Windows+NT+6.1;+Win64;+x64;+rv:66.0)+Gecko/20100101+Firefox/66.0 http://localhost:63686/ 200 0 64 124
2019-05-13 19:24:39 ::1 GET /favicon.ico - 63686 - ::1 Mozilla/5.0+(Windows+NT+6.1;+Win64;+x64;+rv:66.0)+Gecko/20100101+Firefox/66.0 - 404 0 64 0
2019-05-13 19:24:46 ::1 GET /brokers/listBrokers - 63686 - ::1 Mozilla/5.0+(Windows+NT+6.1;+Win64;+x64;+rv:66.0)+Gecko/20100101+Firefox/66.0 http://localhost:63686/ 200 0 0 2808
2019-05-13 19:24:46 ::1 GET /Scripts/modernizr-2.6.2.js - 63686 - ::1 Mozilla/5.0+(Windows+NT+6.1;+Win64;+x64;+rv:66.0)+Gecko/20100101+Firefox/66.0 http://localhost:63686/brokers/listBrokers 404 0 2 15
2019-05-13 19:24:50 ::1 GET / - 63686 - ::1 Mozilla/5.0+(Windows+NT+6.1;+Win64;+x64;+rv:66.0)+Gecko/20100101+Firefox/66.0 http://localhost:63686/brokers/listBrokers 200 0 0 15
2019-05-13 19:24:50 ::1 GET /Scripts/modernizr-2.6.2.js - 63686 - ::1 Mozilla/5.0+(Windows+NT+6.1;+Win64;+x64;+rv:66.0)+Gecko/20100101+Firefox/66.0 http://localhost:63686/ 404 0 2 15
2019-05-13 19:24:51 ::1 GET /brokers/addBrokers - 63686 - ::1 Mozilla/5.0+(Windows+NT+6.1;+Win64;+x64;+rv:66.0)+Gecko/20100101+Firefox/66.0 http://localhost:63686/ 404 0 0 31
#Software: Microsoft Internet Information Services 10.0
#Version: 1.0
#Date: 2019-05-13 19:25:34
#Fields: date time s-ip cs-method cs-uri-stem cs-uri-query s-port cs-username c-ip cs(User-Agent) cs(Referer) sc-status sc-substatus sc-win32-status time-taken
2019-05-13 19:25:34 ::1 GET /brokers/addBrokers - 63686 - ::1 Mozilla/5.0+(Windows+NT+6.1;+Win64;+x64;+rv:66.0)+Gecko/20100101+Firefox/66.0 - 404 0 0 1451
2019-05-13 19:25:34 ::1 GET /favicon.ico - 63686 - ::1 Mozilla/5.0+(Windows+NT+6.1;+Win64;+x64;+rv:66.0)+Gecko/20100101+Firefox/66.0 - 404 0 64 15
#Software: Microsoft Internet Information Services 10.0
#Version: 1.0
#Date: 2019-05-13 19:27:16
#Fields: date time s-ip cs-method cs-uri-stem cs-uri-query s-port cs-username c-ip cs(User-Agent) cs(Referer) sc-status sc-substatus sc-win32-status time-taken
2019-05-13 19:27:16 ::1 GET / - 63686 - ::1 Mozilla/5.0+(Windows+NT+6.1;+Win64;+x64;+rv:66.0)+Gecko/20100101+Firefox/66.0 - 200 0 0 3136
2019-05-13 19:27:16 ::1 GET /Scripts/modernizr-2.6.2.js - 63686 - ::1 Mozilla/5.0+(Windows+NT+6.1;+Win64;+x64;+rv:66.0)+Gecko/20100101+Firefox/66.0 http://localhost:63686/ 404 0 2 31
2019-05-13 19:27:16 ::1 GET /Content/Site.css - 63686 - ::1 Mozilla/5.0+(Windows+NT+6.1;+Win64;+x64;+rv:66.0)+Gecko/20100101+Firefox/66.0 http://localhost:63686/ 200 0 64 62
2019-05-13 19:27:16 ::1 GET /favicon.ico - 63686 - ::1 Mozilla/5.0+(Windows+NT+6.1;+Win64;+x64;+rv:66.0)+Gecko/20100101+Firefox/66.0 - 404 0 2 15
2019-05-13 19:27:57 ::1 GET /brokers/listBrokers - 63686 - ::1 Mozilla/5.0+(Windows+NT+6.1;+Win64;+x64;+rv:66.0)+Gecko/20100101+Firefox/66.0 http://localhost:63686/ 200 0 0 748
2019-05-13 19:27:57 ::1 GET /Scripts/modernizr-2.6.2.js - 63686 - ::1 Mozilla/5.0+(Windows+NT+6.1;+Win64;+x64;+rv:66.0)+Gecko/20100101+Firefox/66.0 http://localhost:63686/brokers/listBrokers 404 0 2 31
2019-05-13 19:28:01 ::1 GET / - 63686 - ::1 Mozilla/5.0+(Windows+NT+6.1;+Win64;+x64;+rv:66.0)+Gecko/20100101+Firefox/66.0 http://localhost:63686/brokers/listBrokers 200 0 0 0
2019-05-13 19:28:01 ::1 GET /Scripts/modernizr-2.6.2.js - 63686 - ::1 Mozilla/5.0+(Windows+NT+6.1;+Win64;+x64;+rv:66.0)+Gecko/20100101+Firefox/66.0 http://localhost:63686/ 404 0 2 0
2019-05-13 19:28:03 ::1 GET /brokers/addBrokers - 63686 - ::1 Mozilla/5.0+(Windows+NT+6.1;+Win64;+x64;+rv:66.0)+Gecko/20100101+Firefox/66.0 http://localhost:63686/ 404 0 0 46
2019-05-13 19:28:07 ::1 GET /brokers/addBrokers - 63686 - ::1 Mozilla/5.0+(Windows+NT+6.1;+Win64;+x64;+rv:66.0)+Gecko/20100101+Firefox/66.0 http://localhost:63686/ 404 0 0 15
#Software: Microsoft Internet Information Services 10.0
#Version: 1.0
#Date: 2019-05-13 19:33:58
#Fields: date time s-ip cs-method cs-uri-stem cs-uri-query s-port cs-username c-ip cs(User-Agent) cs(Referer) sc-status sc-substatus sc-win32-status time-taken
2019-05-13 19:33:58 ::1 GET /brokers/addBrokers - 63686 - ::1 Mozilla/5.0+(Windows+NT+6.1;+Win64;+x64;+rv:66.0)+Gecko/20100101+Firefox/66.0 - 404 0 0 1405
2019-05-13 19:33:58 ::1 GET /favicon.ico - 63686 - ::1 Mozilla/5.0+(Windows+NT+6.1;+Win64;+x64;+rv:66.0)+Gecko/20100101+Firefox/66.0 - 404 0 64 31
#Software: Microsoft Internet Information Services 10.0
#Version: 1.0
#Date: 2019-05-13 19:38:00
#Fields: date time s-ip cs-method cs-uri-stem cs-uri-query s-port cs-username c-ip cs(User-Agent) cs(Referer) sc-status sc-substatus sc-win32-status time-taken
2019-05-13 19:38:00 ::1 GET /brokers/addBrokers - 63686 - ::1 Mozilla/5.0+(Windows+NT+6.1;+Win64;+x64;+rv:66.0)+Gecko/20100101+Firefox/66.0 - 404 0 0 1342
2019-05-13 19:38:00 ::1 GET /favicon.ico - 63686 - ::1 Mozilla/5.0+(Windows+NT+6.1;+Win64;+x64;+rv:66.0)+Gecko/20100101+Firefox/66.0 - 404 0 64 62
#Software: Microsoft Internet Information Services 10.0
#Version: 1.0
#Date: 2019-05-13 19:43:12
#Fields: date time s-ip cs-method cs-uri-stem cs-uri-query s-port cs-username c-ip cs(User-Agent) cs(Referer) sc-status sc-substatus sc-win32-status time-taken
2019-05-13 19:43:12 ::1 GET / - 63686 - ::1 Mozilla/5.0+(Windows+NT+6.1;+Win64;+x64;+rv:66.0)+Gecko/20100101+Firefox/66.0 - 200 0 0 12630
2019-05-13 19:43:12 ::1 GET /Scripts/modernizr-2.6.2.js - 63686 - ::1 Mozilla/5.0+(Windows+NT+6.1;+Win64;+x64;+rv:66.0)+Gecko/20100101+Firefox/66.0 http://localhost:63686/ 404 0 2 48
2019-05-13 19:43:12 ::1 GET /Content/Site.css - 63686 - ::1 Mozilla/5.0+(Windows+NT+6.1;+Win64;+x64;+rv:66.0)+Gecko/20100101+Firefox/66.0 http://localhost:63686/ 200 0 64 63
2019-05-13 19:43:12 ::1 GET /Content/bootstrap.min.css - 63686 - ::1 Mozilla/5.0+(Windows+NT+6.1;+Win64;+x64;+rv:66.0)+Gecko/20100101+Firefox/66.0 http://localhost:63686/ 200 0 64 99
2019-05-13 19:43:12 ::1 GET /favicon.ico - 63686 - ::1 Mozilla/5.0+(Windows+NT+6.1;+Win64;+x64;+rv:66.0)+Gecko/20100101+Firefox/66.0 - 404 0 64 3
2019-05-13 19:43:18 ::1 GET /brokers/listBrokers - 63686 - ::1 Mozilla/5.0+(Windows+NT+6.1;+Win64;+x64;+rv:66.0)+Gecko/20100101+Firefox/66.0 http://localhost:63686/ 200 0 0 2027
2019-05-13 19:43:18 ::1 GET /Scripts/modernizr-2.6.2.js - 63686 - ::1 Mozilla/5.0+(Windows+NT+6.1;+Win64;+x64;+rv:66.0)+Gecko/20100101+Firefox/66.0 http://localhost:63686/brokers/listBrokers 404 0 2 14
2019-05-13 19:43:22 ::1 GET / - 63686 - ::1 Mozilla/5.0+(Windows+NT+6.1;+Win64;+x64;+rv:66.0)+Gecko/20100101+Firefox/66.0 http://localhost:63686/brokers/listBrokers 200 0 0 3
2019-05-13 19:43:22 ::1 GET /Scripts/modernizr-2.6.2.js - 63686 - ::1 Mozilla/5.0+(Windows+NT+6.1;+Win64;+x64;+rv:66.0)+Gecko/20100101+Firefox/66.0 http://localhost:63686/ 404 0 2 5
2019-05-13 19:43:23 ::1 GET /brokers/addBrokers - 63686 - ::1 Mozilla/5.0+(Windows+NT+6.1;+Win64;+x64;+rv:66.0)+Gecko/20100101+Firefox/66.0 http://localhost:63686/ 404 0 0 19
